#
# A fatal error has been detected by the Java Runtime Environment:
#
#  EXCEPTION_ACCESS_VIOLATION (0xc0000005) at pc=0x00007ffdc83b0ca0, pid=7620, tid=13164
#
# JRE version:  (17.0.14+7) (build )
# Java VM: OpenJDK 64-Bit Server VM (17.0.14+7-LTS, mixed mode, emulated-client, sharing, tiered, compressed oops, compressed class ptrs, g1 gc, windows-amd64)
# Problematic frame:
# V  [jvm.dll+0x260ca0]
#
# No core dump will be written. Minidumps are not enabled by default on client versions of Windows
#
#

---------------  S U M M A R Y ------------

Command Line: -XX:TieredStopAtLevel=1 -Dspring.output.ansi.enabled=always -Dcom.sun.management.jmxremote -Dspring.jmx.enabled=true -Dspring.liveBeansView.mbeanDomain -Dspring.application.admin.enabled=true -Dmanagement.endpoints.jmx.exposure.include=* -javaagent:C:\Program Files\JetBrains\IntelliJ IDEA 2025.1\lib\idea_rt.jar=50472 -Dfile.encoding=UTF-8 vn.edu.iuh.fit.ChatAppBackendApplication

Host: Intel Xeon Processor (Icelake), 16 cores, 15G,  Windows 10 , 64 bit Build 19041 (10.0.19041.5678)
Time: Mon May 19 11:24:05 2025 SE Asia Standard Time elapsed time: 0.066193 seconds (0d 0h 0m 0s)

---------------  T H R E A D  ---------------

Current thread (0x000002d2fc647a50):  JavaThread "Unknown thread" [_thread_in_vm, id=13164, stack(0x000000dddcb00000,0x000000dddcc00000)]

Stack: [0x000000dddcb00000,0x000000dddcc00000],  sp=0x000000dddcbff9b8,  free space=1022k
Native frames: (J=compiled Java code, j=interpreted, Vv=VM code, C=native code)
V  [jvm.dll+0x260ca0]
V  [jvm.dll+0x370c59]
V  [jvm.dll+0x7f00ef]
V  [jvm.dll+0x3f76ff]
V  [jvm.dll+0x3f9231]
C  [jli.dll+0x52a0]
C  [ucrtbase.dll+0x21bb2]
C  [KERNEL32.DLL+0x17374]
C  [ntdll.dll+0x4cc91]


siginfo: EXCEPTION_ACCESS_VIOLATION (0xc0000005), writing address 0x00000000ffffffff


Registers:
RAX=0x00000000ffffffff, RBX=0x0000000000000000, RCX=0x9f533982e5360000, RDX=0x0000000000000000
RSP=0x000000dddcbff9b8, RBP=0x000000dddcbffaf0, RSI=0x000002d2fc647a50, RDI=0x000002d2fc647a50
R8 =0x0000000000000002, R9 =0x000000dddcbff488, R10=0x0000000000000013, R11=0x000000dddcbff9b0
R12=0x0000000000000001, R13=0x000002d2fa33fa80, R14=0x000000dddcbffd78, R15=0x00007ffdc8795800
RIP=0x00007ffdc83b0ca0, EFLAGS=0x0000000000010246


Top of Stack: (sp=0x000000dddcbff9b8)
0x000000dddcbff9b8:   00007ffdc84c0c59 0000000000000000
0x000000dddcbff9c8:   000002d2fc647a50 0000000000000000
0x000000dddcbff9d8:   000002d2fc647a50 000002d2fc647a50
0x000000dddcbff9e8:   00007ffdc89400ef 0000000000000000
0x000000dddcbff9f8:   000002d2fc647a50 000002d2fa374c90
0x000000dddcbffa08:   000002d2fa419e20 000002d2fa34dd70
0x000000dddcbffa18:   00007ffe1d96d956 0000000000000001
0x000000dddcbffa28:   00000196e6c8dba8 00007ffdc8b23960
0x000000dddcbffa38:   00007ffdc8b23978 000000dddcbffb28
0x000000dddcbffa48:   000000dddcbffb30 000000dddcbffc00
0x000000dddcbffa58:   00007ffe1d94fc64 000000dddcbffb28
0x000000dddcbffa68:   000000dddcbffb30 000000dd00000000
0x000000dddcbffa78:   00007ffe18e200e8 0000000000000000
0x000000dddcbffa88:   000000dddcbffaa8 000002d2fa34ee01
0x000000dddcbffa98:   00007ffe1d962228 0000000000000001
0x000000dddcbffaa8:   000002d2fa34dd70 0000000000000000
0x000000dddcbffab8:   000000dddcbffb20 0000000000000000
0x000000dddcbffac8:   0000000000000000 000000dddcbffcd0
0x000000dddcbffad8:   00007ffe1d94742b 0000000000000000
0x000000dddcbffae8:   000000dddcbffcc0 0000000000000001
0x000000dddcbffaf8:   000000dddcbffca8 0000000000000000
0x000000dddcbffb08:   000002d2fa34dd70 00007ffe1b4c0100
0x000000dddcbffb18:   0000000000000000 00007ffe18e200e8
0x000000dddcbffb28:   0000000000000000 000002d2fa34ee30
0x000000dddcbffb38:   00007ffdc8b237a0 0000000000000000
0x000000dddcbffb48:   006f0064006e0069 0000000000730000
0x000000dddcbffb58:   000002d2fa34dd70 00007ffe1b4cd420
0x000000dddcbffb68:   000002d2fa336550 000002d2fa34dd70
0x000000dddcbffb78:   006f006300700070 0064002e00650072
0x000000dddcbffb88:   00000000006c006c 0000000000000000
0x000000dddcbffb98:   0000000000000000 0000000000000000
0x000000dddcbffba8:   0000000000000000 000002d2fa34ee30 

Instructions: (pc=0x00007ffdc83b0ca0)
0x00007ffdc83b0ba0:   48 8d 7b 10 48 8b 5b 10 48 85 db 74 3f 0f 1f 00
0x00007ffdc83b0bb0:   48 8b 0b 48 8b 01 ff 90 20 02 00 00 84 c0 74 27
0x00007ffdc83b0bc0:   48 8b 4b 10 90 48 8b 07 48 3b c3 75 12 48 8b c3
0x00007ffdc83b0bd0:   f0 48 0f b1 0f 75 08 48 8b cb e8 61 03 00 00 48
0x00007ffdc83b0be0:   8b 1f 48 85 db 75 c9 48 85 db 75 b4 48 8b 7c 24
0x00007ffdc83b0bf0:   20 48 8b 5c 24 30 48 83 c4 28 c3 cc cc cc cc cc
0x00007ffdc83b0c00:   00 00 00 00 00 00 00 00 00 00 00 00 00 00 00 00
0x00007ffdc83b0c10:   00 00 00 00 00 00 00 00 00 00 00 00 00 00 00 00
0x00007ffdc83b0c20:   00 00 00 00 00 00 00 00 00 00 00 00 00 00 00 00
0x00007ffdc83b0c30:   00 00 00 00 00 00 00 00 00 00 00 00 00 00 00 00
0x00007ffdc83b0c40:   00 00 00 00 00 00 00 00 00 00 00 00 00 00 00 00
0x00007ffdc83b0c50:   00 00 00 00 00 00 00 00 00 00 00 00 00 00 00 00
0x00007ffdc83b0c60:   00 00 00 00 00 00 00 00 00 00 00 00 00 00 00 00
0x00007ffdc83b0c70:   00 00 00 00 00 00 00 00 00 00 00 00 00 00 00 00
0x00007ffdc83b0c80:   00 00 00 00 00 00 00 00 00 00 00 00 00 00 00 00
0x00007ffdc83b0c90:   00 00 00 00 00 00 00 00 00 00 00 00 00 00 00 00
0x00007ffdc83b0ca0:   00 00 00 00 00 00 00 00 00 00 00 00 00 00 00 00
0x00007ffdc83b0cb0:   00 00 00 00 00 00 00 00 00 00 00 00 00 00 00 00
0x00007ffdc83b0cc0:   00 00 00 00 00 00 00 00 00 00 00 00 00 00 00 00
0x00007ffdc83b0cd0:   00 00 00 00 00 00 00 00 13 00 00 00 04 00 03 00
0x00007ffdc83b0ce0:   00 00 00 00 20 20 80 0f 00 00 40 00 20 20 80 0f
0x00007ffdc83b0cf0:   01 00 18 6c 20 20 80 0f 01 00 bc 2d 20 20 80 0f
0x00007ffdc83b0d00:   00 00 b4 07 69 20 00 00 69 20 40 00 69 20 00 00
0x00007ffdc83b0d10:   69 20 40 00 20 20 80 0f 01 00 a0 70 69 20 00 00
0x00007ffdc83b0d20:   69 20 40 00 69 20 00 00 4a 20 00 00 4a 21 00 00
0x00007ffdc83b0d30:   4a 22 00 00 4a 23 00 00 4a 24 00 00 4a 25 00 00
0x00007ffdc83b0d40:   4a 26 00 00 4a 27 00 00 4a 20 00 10 4a 21 00 10
0x00007ffdc83b0d50:   4a 22 00 10 4a 23 00 10 4a 24 00 10 4a 25 00 10
0x00007ffdc83b0d60:   4a 26 00 10 4a 27 00 10 4a 20 00 20 4a 21 00 20
0x00007ffdc83b0d70:   4a 22 00 20 4a 23 00 20 4a 24 00 20 4a 25 00 20
0x00007ffdc83b0d80:   4a 26 00 20 4a 27 00 20 4a 20 00 30 4a 21 00 30
0x00007ffdc83b0d90:   4a 26 00 30 0a 24 80 3f 81 00 00 7a 41 2c 9c 30 



---------------  P R O C E S S  ---------------

Threads class SMR info:
_java_thread_list=0x00007ffdc8c8efd8, length=0, elements={
}

Java Threads: ( => current thread )

Other Threads:
  0x000002d2fc6b2f50 GCTaskThread "GC Thread#0" [stack: 0x000000dddcc00000,0x000000dddcd00000] [id=12656]
  0x000002d2fa41dfb0 ConcurrentGCThread "G1 Main Marker" [stack: 0x000000dddcd00000,0x000000dddce00000] [id=10768]
  0x000002d2fa41e7e0 ConcurrentGCThread "G1 Conc#0" [stack: 0x000000dddce00000,0x000000dddcf00000] [id=7320]
  0x000002d2938c1a20 ConcurrentGCThread "G1 Refine#0" [stack: 0x000000dddcf00000,0x000000dddd000000] [id=9484]
  0x000002d2938c3370 ConcurrentGCThread "G1 Service" [stack: 0x000000dddd000000,0x000000dddd100000] [id=10116]

=>0x000002d2fc647a50 (exited) JavaThread "Unknown thread" [_thread_in_vm, id=13164, stack(0x000000dddcb00000,0x000000dddcc00000)]

Threads with active compile tasks:

VM state: not at safepoint (not fully initialized)

VM Mutex/Monitor currently owned by a thread: None

Heap address: 0x0000000700000000, size: 4096 MB, Compressed Oops mode: Zero based, Oop shift amount: 3

CDS archive(s) mapped at: [0x000002d295000000-0x000002d295bb0000-0x000002d295bb0000), size 12255232, SharedBaseAddress: 0x000002d295000000, ArchiveRelocationMode: 1.
Compressed class space mapped at: 0x000002d296000000-0x000002d2d6000000, reserved size: 1073741824
Narrow klass base: 0x000002d295000000, Narrow klass shift: 0, Narrow klass range: 0x100000000

GC Precious Log:
 CPUs: 16 total, 16 available
 Memory: 16383M
 Large Page Support: Disabled
 NUMA Support: Disabled
 Compressed Oops: Enabled (Zero based)
 Heap Region Size: 2M
 Heap Min Capacity: 8M
 Heap Initial Capacity: 256M
 Heap Max Capacity: 4G
 Pre-touch: Disabled
 Parallel Workers: 13
 Concurrent Workers: 3
 Concurrent Refinement Workers: 13
 Periodic GC: Disabled

Heap:
 garbage-first heap   total 262144K, used 0K [0x0000000700000000, 0x0000000800000000)
  region size 2048K, 1 young (2048K), 0 survivors (0K)
 Metaspace       used 0K, committed 0K, reserved 1048576K
  class space    used 0K, committed 0K, reserved 1048576K

Heap Regions: E=young(eden), S=young(survivor), O=old, HS=humongous(starts), HC=humongous(continues), CS=collection set, F=free, OA=open archive, CA=closed archive, TAMS=top-at-mark-start (previous, next)
|   0|0x0000000700000000, 0x0000000700000000, 0x0000000700200000|  0%| F|  |TAMS 0x0000000700000000, 0x0000000700000000| Untracked 
|   1|0x0000000700200000, 0x0000000700200000, 0x0000000700400000|  0%| F|  |TAMS 0x0000000700200000, 0x0000000700200000| Untracked 
|   2|0x0000000700400000, 0x0000000700400000, 0x0000000700600000|  0%| F|  |TAMS 0x0000000700400000, 0x0000000700400000| Untracked 
|   3|0x0000000700600000, 0x0000000700600000, 0x0000000700800000|  0%| F|  |TAMS 0x0000000700600000, 0x0000000700600000| Untracked 
|   4|0x0000000700800000, 0x0000000700800000, 0x0000000700a00000|  0%| F|  |TAMS 0x0000000700800000, 0x0000000700800000| Untracked 
|   5|0x0000000700a00000, 0x0000000700a00000, 0x0000000700c00000|  0%| F|  |TAMS 0x0000000700a00000, 0x0000000700a00000| Untracked 
|   6|0x0000000700c00000, 0x0000000700c00000, 0x0000000700e00000|  0%| F|  |TAMS 0x0000000700c00000, 0x0000000700c00000| Untracked 
|   7|0x0000000700e00000, 0x0000000700e00000, 0x0000000701000000|  0%| F|  |TAMS 0x0000000700e00000, 0x0000000700e00000| Untracked 
|   8|0x0000000701000000, 0x0000000701000000, 0x0000000701200000|  0%| F|  |TAMS 0x0000000701000000, 0x0000000701000000| Untracked 
|   9|0x0000000701200000, 0x0000000701200000, 0x0000000701400000|  0%| F|  |TAMS 0x0000000701200000, 0x0000000701200000| Untracked 
|  10|0x0000000701400000, 0x0000000701400000, 0x0000000701600000|  0%| F|  |TAMS 0x0000000701400000, 0x0000000701400000| Untracked 
|  11|0x0000000701600000, 0x0000000701600000, 0x0000000701800000|  0%| F|  |TAMS 0x0000000701600000, 0x0000000701600000| Untracked 
|  12|0x0000000701800000, 0x0000000701800000, 0x0000000701a00000|  0%| F|  |TAMS 0x0000000701800000, 0x0000000701800000| Untracked 
|  13|0x0000000701a00000, 0x0000000701a00000, 0x0000000701c00000|  0%| F|  |TAMS 0x0000000701a00000, 0x0000000701a00000| Untracked 
|  14|0x0000000701c00000, 0x0000000701c00000, 0x0000000701e00000|  0%| F|  |TAMS 0x0000000701c00000, 0x0000000701c00000| Untracked 
|  15|0x0000000701e00000, 0x0000000701e00000, 0x0000000702000000|  0%| F|  |TAMS 0x0000000701e00000, 0x0000000701e00000| Untracked 
|  16|0x0000000702000000, 0x0000000702000000, 0x0000000702200000|  0%| F|  |TAMS 0x0000000702000000, 0x0000000702000000| Untracked 
|  17|0x0000000702200000, 0x0000000702200000, 0x0000000702400000|  0%| F|  |TAMS 0x0000000702200000, 0x0000000702200000| Untracked 
|  18|0x0000000702400000, 0x0000000702400000, 0x0000000702600000|  0%| F|  |TAMS 0x0000000702400000, 0x0000000702400000| Untracked 
|  19|0x0000000702600000, 0x0000000702600000, 0x0000000702800000|  0%| F|  |TAMS 0x0000000702600000, 0x0000000702600000| Untracked 
|  20|0x0000000702800000, 0x0000000702800000, 0x0000000702a00000|  0%| F|  |TAMS 0x0000000702800000, 0x0000000702800000| Untracked 
|  21|0x0000000702a00000, 0x0000000702a00000, 0x0000000702c00000|  0%| F|  |TAMS 0x0000000702a00000, 0x0000000702a00000| Untracked 
|  22|0x0000000702c00000, 0x0000000702c00000, 0x0000000702e00000|  0%| F|  |TAMS 0x0000000702c00000, 0x0000000702c00000| Untracked 
|  23|0x0000000702e00000, 0x0000000702e00000, 0x0000000703000000|  0%| F|  |TAMS 0x0000000702e00000, 0x0000000702e00000| Untracked 
|  24|0x0000000703000000, 0x0000000703000000, 0x0000000703200000|  0%| F|  |TAMS 0x0000000703000000, 0x0000000703000000| Untracked 
|  25|0x0000000703200000, 0x0000000703200000, 0x0000000703400000|  0%| F|  |TAMS 0x0000000703200000, 0x0000000703200000| Untracked 
|  26|0x0000000703400000, 0x0000000703400000, 0x0000000703600000|  0%| F|  |TAMS 0x0000000703400000, 0x0000000703400000| Untracked 
|  27|0x0000000703600000, 0x0000000703600000, 0x0000000703800000|  0%| F|  |TAMS 0x0000000703600000, 0x0000000703600000| Untracked 
|  28|0x0000000703800000, 0x0000000703800000, 0x0000000703a00000|  0%| F|  |TAMS 0x0000000703800000, 0x0000000703800000| Untracked 
|  29|0x0000000703a00000, 0x0000000703a00000, 0x0000000703c00000|  0%| F|  |TAMS 0x0000000703a00000, 0x0000000703a00000| Untracked 
|  30|0x0000000703c00000, 0x0000000703c00000, 0x0000000703e00000|  0%| F|  |TAMS 0x0000000703c00000, 0x0000000703c00000| Untracked 
|  31|0x0000000703e00000, 0x0000000703e00000, 0x0000000704000000|  0%| F|  |TAMS 0x0000000703e00000, 0x0000000703e00000| Untracked 
|  32|0x0000000704000000, 0x0000000704000000, 0x0000000704200000|  0%| F|  |TAMS 0x0000000704000000, 0x0000000704000000| Untracked 
|  33|0x0000000704200000, 0x0000000704200000, 0x0000000704400000|  0%| F|  |TAMS 0x0000000704200000, 0x0000000704200000| Untracked 
|  34|0x0000000704400000, 0x0000000704400000, 0x0000000704600000|  0%| F|  |TAMS 0x0000000704400000, 0x0000000704400000| Untracked 
|  35|0x0000000704600000, 0x0000000704600000, 0x0000000704800000|  0%| F|  |TAMS 0x0000000704600000, 0x0000000704600000| Untracked 
|  36|0x0000000704800000, 0x0000000704800000, 0x0000000704a00000|  0%| F|  |TAMS 0x0000000704800000, 0x0000000704800000| Untracked 
|  37|0x0000000704a00000, 0x0000000704a00000, 0x0000000704c00000|  0%| F|  |TAMS 0x0000000704a00000, 0x0000000704a00000| Untracked 
|  38|0x0000000704c00000, 0x0000000704c00000, 0x0000000704e00000|  0%| F|  |TAMS 0x0000000704c00000, 0x0000000704c00000| Untracked 
|  39|0x0000000704e00000, 0x0000000704e00000, 0x0000000705000000|  0%| F|  |TAMS 0x0000000704e00000, 0x0000000704e00000| Untracked 
|  40|0x0000000705000000, 0x0000000705000000, 0x0000000705200000|  0%| F|  |TAMS 0x0000000705000000, 0x0000000705000000| Untracked 
|  41|0x0000000705200000, 0x0000000705200000, 0x0000000705400000|  0%| F|  |TAMS 0x0000000705200000, 0x0000000705200000| Untracked 
|  42|0x0000000705400000, 0x0000000705400000, 0x0000000705600000|  0%| F|  |TAMS 0x0000000705400000, 0x0000000705400000| Untracked 
|  43|0x0000000705600000, 0x0000000705600000, 0x0000000705800000|  0%| F|  |TAMS 0x0000000705600000, 0x0000000705600000| Untracked 
|  44|0x0000000705800000, 0x0000000705800000, 0x0000000705a00000|  0%| F|  |TAMS 0x0000000705800000, 0x0000000705800000| Untracked 
|  45|0x0000000705a00000, 0x0000000705a00000, 0x0000000705c00000|  0%| F|  |TAMS 0x0000000705a00000, 0x0000000705a00000| Untracked 
|  46|0x0000000705c00000, 0x0000000705c00000, 0x0000000705e00000|  0%| F|  |TAMS 0x0000000705c00000, 0x0000000705c00000| Untracked 
|  47|0x0000000705e00000, 0x0000000705e00000, 0x0000000706000000|  0%| F|  |TAMS 0x0000000705e00000, 0x0000000705e00000| Untracked 
|  48|0x0000000706000000, 0x0000000706000000, 0x0000000706200000|  0%| F|  |TAMS 0x0000000706000000, 0x0000000706000000| Untracked 
|  49|0x0000000706200000, 0x0000000706200000, 0x0000000706400000|  0%| F|  |TAMS 0x0000000706200000, 0x0000000706200000| Untracked 
|  50|0x0000000706400000, 0x0000000706400000, 0x0000000706600000|  0%| F|  |TAMS 0x0000000706400000, 0x0000000706400000| Untracked 
|  51|0x0000000706600000, 0x0000000706600000, 0x0000000706800000|  0%| F|  |TAMS 0x0000000706600000, 0x0000000706600000| Untracked 
|  52|0x0000000706800000, 0x0000000706800000, 0x0000000706a00000|  0%| F|  |TAMS 0x0000000706800000, 0x0000000706800000| Untracked 
|  53|0x0000000706a00000, 0x0000000706a00000, 0x0000000706c00000|  0%| F|  |TAMS 0x0000000706a00000, 0x0000000706a00000| Untracked 
|  54|0x0000000706c00000, 0x0000000706c00000, 0x0000000706e00000|  0%| F|  |TAMS 0x0000000706c00000, 0x0000000706c00000| Untracked 
|  55|0x0000000706e00000, 0x0000000706e00000, 0x0000000707000000|  0%| F|  |TAMS 0x0000000706e00000, 0x0000000706e00000| Untracked 
|  56|0x0000000707000000, 0x0000000707000000, 0x0000000707200000|  0%| F|  |TAMS 0x0000000707000000, 0x0000000707000000| Untracked 
|  57|0x0000000707200000, 0x0000000707200000, 0x0000000707400000|  0%| F|  |TAMS 0x0000000707200000, 0x0000000707200000| Untracked 
|  58|0x0000000707400000, 0x0000000707400000, 0x0000000707600000|  0%| F|  |TAMS 0x0000000707400000, 0x0000000707400000| Untracked 
|  59|0x0000000707600000, 0x0000000707600000, 0x0000000707800000|  0%| F|  |TAMS 0x0000000707600000, 0x0000000707600000| Untracked 
|  60|0x0000000707800000, 0x0000000707800000, 0x0000000707a00000|  0%| F|  |TAMS 0x0000000707800000, 0x0000000707800000| Untracked 
|  61|0x0000000707a00000, 0x0000000707a00000, 0x0000000707c00000|  0%| F|  |TAMS 0x0000000707a00000, 0x0000000707a00000| Untracked 
|  62|0x0000000707c00000, 0x0000000707c00000, 0x0000000707e00000|  0%| F|  |TAMS 0x0000000707c00000, 0x0000000707c00000| Untracked 
|  63|0x0000000707e00000, 0x0000000707e00000, 0x0000000708000000|  0%| F|  |TAMS 0x0000000707e00000, 0x0000000707e00000| Untracked 
|  64|0x0000000708000000, 0x0000000708000000, 0x0000000708200000|  0%| F|  |TAMS 0x0000000708000000, 0x0000000708000000| Untracked 
|  65|0x0000000708200000, 0x0000000708200000, 0x0000000708400000|  0%| F|  |TAMS 0x0000000708200000, 0x0000000708200000| Untracked 
|  66|0x0000000708400000, 0x0000000708400000, 0x0000000708600000|  0%| F|  |TAMS 0x0000000708400000, 0x0000000708400000| Untracked 
|  67|0x0000000708600000, 0x0000000708600000, 0x0000000708800000|  0%| F|  |TAMS 0x0000000708600000, 0x0000000708600000| Untracked 
|  68|0x0000000708800000, 0x0000000708800000, 0x0000000708a00000|  0%| F|  |TAMS 0x0000000708800000, 0x0000000708800000| Untracked 
|  69|0x0000000708a00000, 0x0000000708a00000, 0x0000000708c00000|  0%| F|  |TAMS 0x0000000708a00000, 0x0000000708a00000| Untracked 
|  70|0x0000000708c00000, 0x0000000708c00000, 0x0000000708e00000|  0%| F|  |TAMS 0x0000000708c00000, 0x0000000708c00000| Untracked 
|  71|0x0000000708e00000, 0x0000000708e00000, 0x0000000709000000|  0%| F|  |TAMS 0x0000000708e00000, 0x0000000708e00000| Untracked 
|  72|0x0000000709000000, 0x0000000709000000, 0x0000000709200000|  0%| F|  |TAMS 0x0000000709000000, 0x0000000709000000| Untracked 
|  73|0x0000000709200000, 0x0000000709200000, 0x0000000709400000|  0%| F|  |TAMS 0x0000000709200000, 0x0000000709200000| Untracked 
|  74|0x0000000709400000, 0x0000000709400000, 0x0000000709600000|  0%| F|  |TAMS 0x0000000709400000, 0x0000000709400000| Untracked 
|  75|0x0000000709600000, 0x0000000709600000, 0x0000000709800000|  0%| F|  |TAMS 0x0000000709600000, 0x0000000709600000| Untracked 
|  76|0x0000000709800000, 0x0000000709800000, 0x0000000709a00000|  0%| F|  |TAMS 0x0000000709800000, 0x0000000709800000| Untracked 
|  77|0x0000000709a00000, 0x0000000709a00000, 0x0000000709c00000|  0%| F|  |TAMS 0x0000000709a00000, 0x0000000709a00000| Untracked 
|  78|0x0000000709c00000, 0x0000000709c00000, 0x0000000709e00000|  0%| F|  |TAMS 0x0000000709c00000, 0x0000000709c00000| Untracked 
|  79|0x0000000709e00000, 0x0000000709e00000, 0x000000070a000000|  0%| F|  |TAMS 0x0000000709e00000, 0x0000000709e00000| Untracked 
|  80|0x000000070a000000, 0x000000070a000000, 0x000000070a200000|  0%| F|  |TAMS 0x000000070a000000, 0x000000070a000000| Untracked 
|  81|0x000000070a200000, 0x000000070a200000, 0x000000070a400000|  0%| F|  |TAMS 0x000000070a200000, 0x000000070a200000| Untracked 
|  82|0x000000070a400000, 0x000000070a400000, 0x000000070a600000|  0%| F|  |TAMS 0x000000070a400000, 0x000000070a400000| Untracked 
|  83|0x000000070a600000, 0x000000070a600000, 0x000000070a800000|  0%| F|  |TAMS 0x000000070a600000, 0x000000070a600000| Untracked 
|  84|0x000000070a800000, 0x000000070a800000, 0x000000070aa00000|  0%| F|  |TAMS 0x000000070a800000, 0x000000070a800000| Untracked 
|  85|0x000000070aa00000, 0x000000070aa00000, 0x000000070ac00000|  0%| F|  |TAMS 0x000000070aa00000, 0x000000070aa00000| Untracked 
|  86|0x000000070ac00000, 0x000000070ac00000, 0x000000070ae00000|  0%| F|  |TAMS 0x000000070ac00000, 0x000000070ac00000| Untracked 
|  87|0x000000070ae00000, 0x000000070ae00000, 0x000000070b000000|  0%| F|  |TAMS 0x000000070ae00000, 0x000000070ae00000| Untracked 
|  88|0x000000070b000000, 0x000000070b000000, 0x000000070b200000|  0%| F|  |TAMS 0x000000070b000000, 0x000000070b000000| Untracked 
|  89|0x000000070b200000, 0x000000070b200000, 0x000000070b400000|  0%| F|  |TAMS 0x000000070b200000, 0x000000070b200000| Untracked 
|  90|0x000000070b400000, 0x000000070b400000, 0x000000070b600000|  0%| F|  |TAMS 0x000000070b400000, 0x000000070b400000| Untracked 
|  91|0x000000070b600000, 0x000000070b600000, 0x000000070b800000|  0%| F|  |TAMS 0x000000070b600000, 0x000000070b600000| Untracked 
|  92|0x000000070b800000, 0x000000070b800000, 0x000000070ba00000|  0%| F|  |TAMS 0x000000070b800000, 0x000000070b800000| Untracked 
|  93|0x000000070ba00000, 0x000000070ba00000, 0x000000070bc00000|  0%| F|  |TAMS 0x000000070ba00000, 0x000000070ba00000| Untracked 
|  94|0x000000070bc00000, 0x000000070bc00000, 0x000000070be00000|  0%| F|  |TAMS 0x000000070bc00000, 0x000000070bc00000| Untracked 
|  95|0x000000070be00000, 0x000000070be00000, 0x000000070c000000|  0%| F|  |TAMS 0x000000070be00000, 0x000000070be00000| Untracked 
|  96|0x000000070c000000, 0x000000070c000000, 0x000000070c200000|  0%| F|  |TAMS 0x000000070c000000, 0x000000070c000000| Untracked 
|  97|0x000000070c200000, 0x000000070c200000, 0x000000070c400000|  0%| F|  |TAMS 0x000000070c200000, 0x000000070c200000| Untracked 
|  98|0x000000070c400000, 0x000000070c400000, 0x000000070c600000|  0%| F|  |TAMS 0x000000070c400000, 0x000000070c400000| Untracked 
|  99|0x000000070c600000, 0x000000070c600000, 0x000000070c800000|  0%| F|  |TAMS 0x000000070c600000, 0x000000070c600000| Untracked 
| 100|0x000000070c800000, 0x000000070c800000, 0x000000070ca00000|  0%| F|  |TAMS 0x000000070c800000, 0x000000070c800000| Untracked 
| 101|0x000000070ca00000, 0x000000070ca00000, 0x000000070cc00000|  0%| F|  |TAMS 0x000000070ca00000, 0x000000070ca00000| Untracked 
| 102|0x000000070cc00000, 0x000000070cc00000, 0x000000070ce00000|  0%| F|  |TAMS 0x000000070cc00000, 0x000000070cc00000| Untracked 
| 103|0x000000070ce00000, 0x000000070ce00000, 0x000000070d000000|  0%| F|  |TAMS 0x000000070ce00000, 0x000000070ce00000| Untracked 
| 104|0x000000070d000000, 0x000000070d000000, 0x000000070d200000|  0%| F|  |TAMS 0x000000070d000000, 0x000000070d000000| Untracked 
| 105|0x000000070d200000, 0x000000070d200000, 0x000000070d400000|  0%| F|  |TAMS 0x000000070d200000, 0x000000070d200000| Untracked 
| 106|0x000000070d400000, 0x000000070d400000, 0x000000070d600000|  0%| F|  |TAMS 0x000000070d400000, 0x000000070d400000| Untracked 
| 107|0x000000070d600000, 0x000000070d600000, 0x000000070d800000|  0%| F|  |TAMS 0x000000070d600000, 0x000000070d600000| Untracked 
| 108|0x000000070d800000, 0x000000070d800000, 0x000000070da00000|  0%| F|  |TAMS 0x000000070d800000, 0x000000070d800000| Untracked 
| 109|0x000000070da00000, 0x000000070da00000, 0x000000070dc00000|  0%| F|  |TAMS 0x000000070da00000, 0x000000070da00000| Untracked 
| 110|0x000000070dc00000, 0x000000070dc00000, 0x000000070de00000|  0%| F|  |TAMS 0x000000070dc00000, 0x000000070dc00000| Untracked 
| 111|0x000000070de00000, 0x000000070de00000, 0x000000070e000000|  0%| F|  |TAMS 0x000000070de00000, 0x000000070de00000| Untracked 
| 112|0x000000070e000000, 0x000000070e000000, 0x000000070e200000|  0%| F|  |TAMS 0x000000070e000000, 0x000000070e000000| Untracked 
| 113|0x000000070e200000, 0x000000070e200000, 0x000000070e400000|  0%| F|  |TAMS 0x000000070e200000, 0x000000070e200000| Untracked 
| 114|0x000000070e400000, 0x000000070e400000, 0x000000070e600000|  0%| F|  |TAMS 0x000000070e400000, 0x000000070e400000| Untracked 
| 115|0x000000070e600000, 0x000000070e600000, 0x000000070e800000|  0%| F|  |TAMS 0x000000070e600000, 0x000000070e600000| Untracked 
| 116|0x000000070e800000, 0x000000070e800000, 0x000000070ea00000|  0%| F|  |TAMS 0x000000070e800000, 0x000000070e800000| Untracked 
| 117|0x000000070ea00000, 0x000000070ea00000, 0x000000070ec00000|  0%| F|  |TAMS 0x000000070ea00000, 0x000000070ea00000| Untracked 
| 118|0x000000070ec00000, 0x000000070ec00000, 0x000000070ee00000|  0%| F|  |TAMS 0x000000070ec00000, 0x000000070ec00000| Untracked 
| 119|0x000000070ee00000, 0x000000070ee00000, 0x000000070f000000|  0%| F|  |TAMS 0x000000070ee00000, 0x000000070ee00000| Untracked 
| 120|0x000000070f000000, 0x000000070f000000, 0x000000070f200000|  0%| F|  |TAMS 0x000000070f000000, 0x000000070f000000| Untracked 
| 121|0x000000070f200000, 0x000000070f200000, 0x000000070f400000|  0%| F|  |TAMS 0x000000070f200000, 0x000000070f200000| Untracked 
| 122|0x000000070f400000, 0x000000070f400000, 0x000000070f600000|  0%| F|  |TAMS 0x000000070f400000, 0x000000070f400000| Untracked 
| 123|0x000000070f600000, 0x000000070f600000, 0x000000070f800000|  0%| F|  |TAMS 0x000000070f600000, 0x000000070f600000| Untracked 
| 124|0x000000070f800000, 0x000000070f800000, 0x000000070fa00000|  0%| F|  |TAMS 0x000000070f800000, 0x000000070f800000| Untracked 
| 125|0x000000070fa00000, 0x000000070fa00000, 0x000000070fc00000|  0%| F|  |TAMS 0x000000070fa00000, 0x000000070fa00000| Untracked 
| 126|0x000000070fc00000, 0x000000070fc00000, 0x000000070fe00000|  0%| F|  |TAMS 0x000000070fc00000, 0x000000070fc00000| Untracked 
| 127|0x000000070fe00000, 0x000000070fe70a58, 0x0000000710000000| 22%| E|  |TAMS 0x000000070fe00000, 0x000000070fe00000| Complete 

Card table byte_map: [0x000002d288280000,0x000002d288a80000] _byte_map_base: 0x000002d284a80000

Marking Bits (Prev, Next): (CMBitMap*) 0x000002d2fc6b4490, (CMBitMap*) 0x000002d2fc6b44d0
 Prev Bits: [0x000002d289280000, 0x000002d28d280000)
 Next Bits: [0x000002d28d280000, 0x000002d291280000)

GC Heap History (0 events):
No events

Dll operation events (1 events):
Event: 0.032 Loaded shared library C:\Users\admin.LINHTQ-TEST-DOC\.jdks\ms-17.0.14\bin\java.dll

Deoptimization events (0 events):
No events

Classes loaded (0 events):
No events

Classes unloaded (0 events):
No events

Classes redefined (0 events):
No events

Internal exceptions (0 events):
No events

VM Operations (0 events):
No events

Memory protections (0 events):
No events

Nmethod flushes (0 events):
No events

Events (0 events):
No events


Dynamic libraries:
0x00007ff6cd740000 - 0x00007ff6cd74e000 	C:\Users\admin.LINHTQ-TEST-DOC\.jdks\ms-17.0.14\bin\java.exe
0x00007ffe1d930000 - 0x00007ffe1db28000 	C:\Windows\SYSTEM32\ntdll.dll
0x00007ffe1d320000 - 0x00007ffe1d3e2000 	C:\Windows\System32\KERNEL32.DLL
0x00007ffe1afc0000 - 0x00007ffe1b2b6000 	C:\Windows\System32\KERNELBASE.dll
0x00007ffe1b410000 - 0x00007ffe1b510000 	C:\Windows\System32\ucrtbase.dll
0x00007ffe058b0000 - 0x00007ffe058c7000 	C:\Users\admin.LINHTQ-TEST-DOC\.jdks\ms-17.0.14\bin\jli.dll
0x00007ffe050c0000 - 0x00007ffe050dd000 	C:\Users\admin.LINHTQ-TEST-DOC\.jdks\ms-17.0.14\bin\VCRUNTIME140.dll
0x00007ffe1bed0000 - 0x00007ffe1c06d000 	C:\Windows\System32\USER32.dll
0x00007ffe0e000000 - 0x00007ffe0e29a000 	C:\Windows\WinSxS\amd64_microsoft.windows.common-controls_6595b64144ccf1df_6.0.19041.4355_none_60b8b9eb71f62e16\COMCTL32.dll
0x00007ffe1b920000 - 0x00007ffe1b942000 	C:\Windows\System32\win32u.dll
0x00007ffe1c9c0000 - 0x00007ffe1c9eb000 	C:\Windows\System32\GDI32.dll
0x00007ffe1c920000 - 0x00007ffe1c9be000 	C:\Windows\System32\msvcrt.dll
0x00007ffe1b2f0000 - 0x00007ffe1b40a000 	C:\Windows\System32\gdi32full.dll
0x00007ffe1b510000 - 0x00007ffe1b5ad000 	C:\Windows\System32\msvcp_win.dll
0x00007ffe1d1f0000 - 0x00007ffe1d21f000 	C:\Windows\System32\IMM32.DLL
0x00007ffe05340000 - 0x00007ffe0534c000 	C:\Users\admin.LINHTQ-TEST-DOC\.jdks\ms-17.0.14\bin\vcruntime140_1.dll
0x00007ffdf9340000 - 0x00007ffdf93cd000 	C:\Users\admin.LINHTQ-TEST-DOC\.jdks\ms-17.0.14\bin\msvcp140.dll
0x00007ffdc8150000 - 0x00007ffdc8dc2000 	C:\Users\admin.LINHTQ-TEST-DOC\.jdks\ms-17.0.14\bin\server\jvm.dll
0x00007ffe1ba20000 - 0x00007ffe1bacf000 	C:\Windows\System32\ADVAPI32.dll
0x00007ffe1d280000 - 0x00007ffe1d31f000 	C:\Windows\System32\sechost.dll
0x00007ffe1c7e0000 - 0x00007ffe1c903000 	C:\Windows\System32\RPCRT4.dll
0x00007ffe1b2c0000 - 0x00007ffe1b2e7000 	C:\Windows\System32\bcrypt.dll
0x00007ffe1bd20000 - 0x00007ffe1bd8b000 	C:\Windows\System32\WS2_32.dll
0x00007ffe1ae20000 - 0x00007ffe1ae6b000 	C:\Windows\SYSTEM32\POWRPROF.dll
0x00007ffe0ede0000 - 0x00007ffe0ee07000 	C:\Windows\SYSTEM32\WINMM.dll
0x00007ffe13fa0000 - 0x00007ffe13faa000 	C:\Windows\SYSTEM32\VERSION.dll
0x00007ffe1ae00000 - 0x00007ffe1ae12000 	C:\Windows\SYSTEM32\UMPDC.dll
0x00007ffe18e20000 - 0x00007ffe18e32000 	C:\Windows\SYSTEM32\kernel.appcore.dll
0x00007ffe05220000 - 0x00007ffe0522a000 	C:\Users\admin.LINHTQ-TEST-DOC\.jdks\ms-17.0.14\bin\jimage.dll
0x00007ffe0e660000 - 0x00007ffe0e844000 	C:\Windows\SYSTEM32\DBGHELP.DLL
0x00007ffe0f9e0000 - 0x00007ffe0fa14000 	C:\Windows\SYSTEM32\dbgcore.DLL
0x00007ffe1b730000 - 0x00007ffe1b7b2000 	C:\Windows\System32\bcryptPrimitives.dll
0x00007ffe051b0000 - 0x00007ffe051be000 	C:\Users\admin.LINHTQ-TEST-DOC\.jdks\ms-17.0.14\bin\instrument.dll
0x00007ffdff0b0000 - 0x00007ffdff0d5000 	C:\Users\admin.LINHTQ-TEST-DOC\.jdks\ms-17.0.14\bin\java.dll

dbghelp: loaded successfully - version: 4.0.5 - missing functions: none
symbol engine: initialized successfully - sym options: 0x614 - pdb path: .;C:\Users\admin.LINHTQ-TEST-DOC\.jdks\ms-17.0.14\bin;C:\Windows\SYSTEM32;C:\Windows\WinSxS\amd64_microsoft.windows.common-controls_6595b64144ccf1df_6.0.19041.4355_none_60b8b9eb71f62e16;C:\Users\admin.LINHTQ-TEST-DOC\.jdks\ms-17.0.14\bin\server

VM Arguments:
jvm_args: -XX:TieredStopAtLevel=1 -Dspring.output.ansi.enabled=always -Dcom.sun.management.jmxremote -Dspring.jmx.enabled=true -Dspring.liveBeansView.mbeanDomain -Dspring.application.admin.enabled=true -Dmanagement.endpoints.jmx.exposure.include=* -javaagent:C:\Program Files\JetBrains\IntelliJ IDEA 2025.1\lib\idea_rt.jar=50472 -Dfile.encoding=UTF-8 
java_command: vn.edu.iuh.fit.ChatAppBackendApplication
java_class_path (initial): C:\Users\admin.LINHTQ-TEST-DOC\Desktop\fixloi_cnm\appchatzolo_cnm\chat-app-backend\build\classes\java\main;C:\Users\admin.LINHTQ-TEST-DOC\Desktop\fixloi_cnm\appchatzolo_cnm\chat-app-backend\build\resources\main;C:\Users\admin.LINHTQ-TEST-DOC\.gradle\caches\modules-2\files-2.1\org.projectlombok\lombok\1.18.36\5a30490a6e14977d97d9c73c924c1f1b5311ea95\lombok-1.18.36.jar;C:\Users\admin.LINHTQ-TEST-DOC\.gradle\caches\modules-2\files-2.1\org.springframework.boot\spring-boot-starter-websocket\3.4.1\88c26a89cce79ed23c782620238f6f222ebf4848\spring-boot-starter-websocket-3.4.1.jar;C:\Users\admin.LINHTQ-TEST-DOC\.gradle\caches\modules-2\files-2.1\org.springframework.boot\spring-boot-starter-web\3.4.1\ff7227fc62338e0f6eba3f9f94c12eb952d4da95\spring-boot-starter-web-3.4.1.jar;C:\Users\admin.LINHTQ-TEST-DOC\.gradle\caches\modules-2\files-2.1\software.amazon.awssdk\s3\2.29.43\ac8c5e7c6fcc68d4f100959c19641ab76a1a4fc1\s3-2.29.43.jar;C:\Users\admin.LINHTQ-TEST-DOC\.gradle\caches\modules-2\files-2.1\software.amazon.awssdk\dynamodb-enhanced\2.29.43\fe31ced2fc76b8ed8acfede73dfb2a0ed7383902\dynamodb-enhanced-2.29.43.jar;C:\Users\admin.LINHTQ-TEST-DOC\.gradle\caches\modules-2\files-2.1\software.amazon.awssdk\dynamodb\2.29.43\230651097539fdbce34bed432cf2e57d958e9895\dynamodb-2.29.43.jar;C:\Users\admin.LINHTQ-TEST-DOC\.gradle\caches\modules-2\files-2.1\software.amazon.awssdk\cognitoidentityprovider\2.29.43\702dded2d830c9717b90b493e8f62b8cde39aea8\cognitoidentityprovider-2.29.43.jar;C:\Users\admin.LINHTQ-TEST-DOC\.gradle\caches\modules-2\files-2.1\software.amazon.awssdk\sns\2.29.43\e165f4cba8a3fe423d5fb9b696796c994e51fe96\sns-2.29.43.jar;C:\Users\admin.LINHTQ-TEST-DOC\.gradle\caches\modules-2\files-2.1\software.amazon.awssdk\url-connection-client\2.25.0\60307559a7157bca0cc685969beff41a8b95b3de\url-connection-client-2.25.0.jar;C:\Users\admin.LINHTQ-TEST-DOC\.gradle\caches\modules-2\files-2.1\com.github.derjust\spring-data-dynamodb\5.1.0\9fa1eb324217f8062244df4cbae
Launcher Type: SUN_STANDARD

[Global flags]
     intx CICompilerCount                          = 12                                        {product} {ergonomic}
     uint ConcGCThreads                            = 3                                         {product} {ergonomic}
     uint G1ConcRefinementThreads                  = 13                                        {product} {ergonomic}
   size_t G1HeapRegionSize                         = 2097152                                   {product} {ergonomic}
    uintx GCDrainStackTargetSize                   = 64                                        {product} {ergonomic}
   size_t InitialHeapSize                          = 268435456                                 {product} {ergonomic}
     bool ManagementServer                         = true                                      {product} {command line}
   size_t MarkStackSize                            = 4194304                                   {product} {ergonomic}
   size_t MaxHeapSize                              = 4294967296                                {product} {ergonomic}
   size_t MaxNewSize                               = 2575302656                                {product} {ergonomic}
   size_t MinHeapDeltaBytes                        = 2097152                                   {product} {ergonomic}
   size_t MinHeapSize                              = 8388608                                   {product} {ergonomic}
    uintx NonProfiledCodeHeapSize                  = 0                                      {pd product} {ergonomic}
     bool ProfileInterpreter                       = false                                  {pd product} {command line}
    uintx ProfiledCodeHeapSize                     = 0                                      {pd product} {ergonomic}
   size_t SoftMaxHeapSize                          = 4294967296                             {manageable} {ergonomic}
     intx TieredStopAtLevel                        = 1                                         {product} {command line}
     bool UseCompressedClassPointers               = true                           {product lp64_product} {ergonomic}
     bool UseCompressedOops                        = true                           {product lp64_product} {ergonomic}
     bool UseG1GC                                  = true                                      {product} {ergonomic}
     bool UseLargePagesIndividualAllocation        = false                                  {pd product} {ergonomic}

Logging:
Log output configuration:
 #0: stdout all=warning uptime,level,tags
 #1: stderr all=off uptime,level,tags

Environment Variables:
JAVA_HOME=C:\Program Files\Java\jdk-17
PATH=C:\Python313\Scripts\;C:\Python313\;C:\Program Files\Common Files\Oracle\Java\javapath;C:\Windows\system32;C:\Windows;C:\Windows\System32\Wbem;C:\Windows\System32\WindowsPowerShell\v1.0\;C:\Windows\System32\OpenSSH\;C:\Program Files\Java\jdk-17\bin;C:\Program Files\nodejs\;C:\ProgramData\chocolatey\bin;C:\Program Files\Git\cmd;C:\Program Files\Amazon\AWSCLIV2\;C:\Program Files\Docker\Docker\resources\bin;C:\Users\admin.LINHTQ-TEST-DOC\AppData\Local\Microsoft\WindowsApps;;C:\Program Files\JetBrains\IntelliJ IDEA 2025.1\bin;;C:\Users\admin.LINHTQ-TEST-DOC\AppData\Roaming\npm;C:\Users\admin.LINHTQ-TEST-DOC\AppData\Local\Programs\Microsoft VS Code\bin
USERNAME=admin
OS=Windows_NT
PROCESSOR_IDENTIFIER=Intel64 Family 6 Model 134 Stepping 0, GenuineIntel
TMP=C:\Users\ADMIN~1.LIN\AppData\Local\Temp
TEMP=C:\Users\ADMIN~1.LIN\AppData\Local\Temp



Periodic native trim disabled


---------------  S Y S T E M  ---------------

OS:
 Windows 10 , 64 bit Build 19041 (10.0.19041.5678)
OS uptime: 0 days 0:20 hours
Hyper-V role detected

CPU: total 16 (initial active 16) (8 cores per cpu, 1 threads per core) family 6 model 134 stepping 0 microcode 0x1, cx8, cmov, fxsr, mmx, 3dnowpref, sse, sse2, sse3, ssse3, sse4.1, sse4.2, popcnt, lzcnt, tsc, avx, avx2, aes, erms, clmul, bmi1, bmi2, adx, avx512f, avx512dq, avx512cd, avx512bw, avx512vl, sha, fma, vzeroupper, avx512_vpopcntdq, avx512_vpclmulqdq, avx512_vaes, avx512_vnni, clflush, clflushopt, clwb, avx512_vbmi2, avx512_vbmi, hv
Processor Information for the first 16 processors :
  Max Mhz: 2500, Current Mhz: 2500, Mhz Limit: 2500

Memory: 4k page, system-wide physical 16383M (8438M free)
TotalPageFile size 18815M (AvailPageFile size 8658M)
current process WorkingSet (physical memory assigned to process): 26M, peak: 26M
current process commit charge ("private bytes"): 345M, peak: 345M

vm_info: OpenJDK 64-Bit Server VM (17.0.14+7-LTS) for windows-amd64 JRE (17.0.14+7-LTS), built on Jan  8 2025 23:39:28 by "MicrosoftCorporation" with unknown MS VC++:1939

END.
