#
# A fatal error has been detected by the Java Runtime Environment:
#
#  EXCEPTION_ACCESS_VIOLATION (0xc0000005) at pc=0x00007ffcc804b3fa, pid=12460, tid=3556
#
# JRE version: OpenJDK Runtime Environment Microsoft-10800295 (17.0.14+7) (build 17.0.14+7-LTS)
# Java VM: OpenJDK 64-Bit Server VM Microsoft-10800295 (17.0.14+7-LTS, mixed mode, emulated-client, sharing, tiered, compressed oops, compressed class ptrs, g1 gc, windows-amd64)
# Problematic frame:
# V  [jvm.dll+0x37b3fa]
#
# No core dump will be written. Minidumps are not enabled by default on client versions of Windows
#
# If you would like to submit a bug report, please visit:
#   https://github.com/microsoft/openjdk/issues
#

---------------  S U M M A R Y ------------

Command Line: -XX:TieredStopAtLevel=1 -Dspring.output.ansi.enabled=always -Dcom.sun.management.jmxremote -Dspring.jmx.enabled=true -Dspring.liveBeansView.mbeanDomain -Dspring.application.admin.enabled=true -Dmanagement.endpoints.jmx.exposure.include=* -javaagent:C:\Program Files\JetBrains\IntelliJ IDEA 2025.1\lib\idea_rt.jar=51124 -Dfile.encoding=UTF-8 vn.edu.iuh.fit.ChatAppBackendApplication

Host: Intel Xeon Processor (Icelake), 16 cores, 15G,  Windows 10 , 64 bit Build 19041 (10.0.19041.5678)
Time: Mon May 19 10:44:29 2025 SE Asia Standard Time elapsed time: 0.182205 seconds (0d 0h 0m 0s)

---------------  T H R E A D  ---------------

Current thread (0x00000179579521e0):  JavaThread "main" [_thread_in_vm, id=3556, stack(0x00000030d1a00000,0x00000030d1b00000)]

Stack: [0x00000030d1a00000,0x00000030d1b00000],  sp=0x00000030d1afd960,  free space=1014k
Native frames: (J=compiled Java code, j=interpreted, Vv=VM code, C=native code)
V  [jvm.dll+0x37b3fa]
V  [jvm.dll+0x37602f]
V  [jvm.dll+0x37c4ee]
V  [jvm.dll+0x56d9bc]
V  [jvm.dll+0x56b46e]
V  [jvm.dll+0x56e09b]
V  [jvm.dll+0x56cfd4]
V  [jvm.dll+0x38aa24]
V  [jvm.dll+0x38a07f]
C  0x000001795f4890f9

The last pc belongs to invokestatic (printed below).
Java frames: (J=compiled Java code, j=interpreted, Vv=VM code)
j  sun.nio.cs.StreamDecoder.implRead([CII)I+26 java.base@17.0.14
j  sun.nio.cs.StreamDecoder.read([CII)I+178 java.base@17.0.14
j  java.io.InputStreamReader.read([CII)I+7 java.base@17.0.14
j  java.io.BufferedReader.fill()V+145 java.base@17.0.14
j  java.io.BufferedReader.readLine(Z[Z)Ljava/lang/String;+52 java.base@17.0.14
j  java.io.BufferedReader.readLine()Ljava/lang/String;+3 java.base@17.0.14
j  jdk.internal.util.jar.JarIndex.read(Ljava/io/InputStream;)V+34 java.base@17.0.14
j  jdk.internal.util.jar.JarIndex.<init>(Ljava/io/InputStream;)V+6 java.base@17.0.14
j  jdk.internal.util.jar.JarIndex.getJarIndex(Ljava/util/jar/JarFile;)Ljdk/internal/util/jar/JarIndex;+22 java.base@17.0.14
j  jdk.internal.loader.URLClassPath$JarLoader$1.run()Ljava/lang/Void;+72 java.base@17.0.14
j  jdk.internal.loader.URLClassPath$JarLoader$1.run()Ljava/lang/Object;+1 java.base@17.0.14
j  java.security.AccessController.executePrivileged(Ljava/security/PrivilegedExceptionAction;Ljava/security/AccessControlContext;Ljava/lang/Class;)Ljava/lang/Object;+29 java.base@17.0.14
j  java.security.AccessController.doPrivileged(Ljava/security/PrivilegedExceptionAction;Ljava/security/AccessControlContext;)Ljava/lang/Object;+13 java.base@17.0.14
j  jdk.internal.loader.URLClassPath$JarLoader.ensureOpen()V+19 java.base@17.0.14
j  jdk.internal.loader.URLClassPath$JarLoader.<init>(Ljava/net/URL;Ljava/net/URLStreamHandler;Ljava/util/HashMap;Ljava/security/AccessControlContext;)V+63 java.base@17.0.14
j  jdk.internal.loader.URLClassPath$3.run()Ljdk/internal/loader/URLClassPath$Loader;+168 java.base@17.0.14
j  jdk.internal.loader.URLClassPath$3.run()Ljava/lang/Object;+1 java.base@17.0.14
j  java.security.AccessController.executePrivileged(Ljava/security/PrivilegedExceptionAction;Ljava/security/AccessControlContext;Ljava/lang/Class;)Ljava/lang/Object;+29 java.base@17.0.14
j  java.security.AccessController.doPrivileged(Ljava/security/PrivilegedExceptionAction;Ljava/security/AccessControlContext;)Ljava/lang/Object;+13 java.base@17.0.14
j  jdk.internal.loader.URLClassPath.getLoader(Ljava/net/URL;)Ljdk/internal/loader/URLClassPath$Loader;+13 java.base@17.0.14
j  jdk.internal.loader.URLClassPath.getLoader(I)Ljdk/internal/loader/URLClassPath$Loader;+81 java.base@17.0.14
j  jdk.internal.loader.URLClassPath.getResource(Ljava/lang/String;Z)Ljdk/internal/loader/Resource;+42 java.base@17.0.14
j  jdk.internal.loader.BuiltinClassLoader.findClassOnClassPathOrNull(Ljava/lang/String;)Ljava/lang/Class;+26 java.base@17.0.14
j  jdk.internal.loader.BuiltinClassLoader.loadClassOrNull(Ljava/lang/String;Z)Ljava/lang/Class;+111 java.base@17.0.14
j  jdk.internal.loader.BuiltinClassLoader.loadClass(Ljava/lang/String;Z)Ljava/lang/Class;+3 java.base@17.0.14
j  jdk.internal.loader.ClassLoaders$AppClassLoader.loadClass(Ljava/lang/String;Z)Ljava/lang/Class;+36 java.base@17.0.14
j  java.lang.ClassLoader.loadClass(Ljava/lang/String;)Ljava/lang/Class;+3 java.base@17.0.14
j  sun.instrument.InstrumentationImpl.loadClassAndStartAgent(Ljava/lang/String;Ljava/lang/String;Ljava/lang/String;)V+8 java.instrument@17.0.14
j  sun.instrument.InstrumentationImpl.loadClassAndCallPremain(Ljava/lang/String;Ljava/lang/String;)V+6 java.instrument@17.0.14
v  ~StubRoutines::call_stub

siginfo: EXCEPTION_ACCESS_VIOLATION (0xc0000005), reading address 0x0000017100018048


Registers:
RAX=0x0000000000000028, RBX=0x000001790065a170, RCX=0x0000017100000000, RDX=0x0000000000003000
RSP=0x00000030d1afd960, RBP=0x000001790045a008, RSI=0x0000000000000000, RDI=0x000001790065a170
R8 =0x0000000000000051, R9 =0x0000000000000000, R10=0x0000017900459fb8, R11=0x0000000000000000
R12=0x0000017900459fb8, R13=0x000001797003ace2, R14=0x0000000000000001, R15=0x000001790045a008
RIP=0x00007ffcc804b3fa, EFLAGS=0x0000000000010207


Register to memory mapping:

RIP=0x00007ffcc804b3fa jvm.dll
RAX=0x0000000000000028 is an unknown value
RBX=0x000001790065a170 is pointing into metadata
RCX=0x0000017100000000 is an unknown value
RDX=0x0000000000003000 is an unknown value
RSP=0x00000030d1afd960 is pointing into the stack for thread: 0x00000179579521e0
RBP=0x000001790045a008 is pointing into metadata
RSI=0x0 is NULL
RDI=0x000001790065a170 is pointing into metadata
R8 =0x0000000000000051 is an unknown value
R9 =0x0 is NULL
R10=0x0000017900459fb8 is pointing into metadata
R11=0x0 is NULL
R12=0x0000017900459fb8 is pointing into metadata
R13=0x000001797003ace2 is pointing into metadata
R14=0x0000000000000001 is an unknown value
R15=0x000001790045a008 is pointing into metadata


Top of Stack: (sp=0x00000030d1afd960)
0x00000030d1afd960:   0000017900086e58 00007ffcc804602f
0x00000030d1afd970:   0000017900086e58 00000179579521e8
0x00000030d1afd980:   000001796ec01d30 0000000000000000
0x00000030d1afd990:   0000000000000000 0000017900459fb8
0x00000030d1afd9a0:   000001790045a008 00007ffcc804c4ee
0x00000030d1afd9b0:   0000017900086e58 000001790045a008
0x00000030d1afd9c0:   0000000000000000 000001790065a170
0x00000030d1afd9d0:   0000000000000000 00007ffc00000000
0x00000030d1afd9e0:   0000017900086e58 00000030d1afdd68
0x00000030d1afd9f0:   0000017900459fb8 00007ffcc823d9bc
0x00000030d1afda00:   0000000000000000 00000030d1afdb00
0x00000030d1afda10:   00000179579521e0 00007ffcc834a488
0x00000030d1afda20:   0000017900000000 0000000000000000
0x00000030d1afda30:   000081b27e322b34 00000179579521e0
0x00000030d1afda40:   00000179579dabb0 00007ffcc849253e
0x00000030d1afda50:   0000017900459fe8 00007ffc00000000
0x00000030d1afda60:   000001796ec01d30 0000000000000000
0x00000030d1afda70:   000001796f8d10e0 00007ffcc8381143
0x00000030d1afda80:   000001796f5423f0 00007ffcc8380f17
0x00000030d1afda90:   00000179579521e0 0000000000000000
0x00000030d1afdaa0:   00000179579521e0 0000017900459fe8
0x00000030d1afdab0:   000000006f1e0e85 0000017900086e58
0x00000030d1afdac0:   000001795794d4e0 00007ffcc8489e77
0x00000030d1afdad0:   0000000000000000 000001795794d4e0
0x00000030d1afdae0:   0000000000000000 000001796ec01d30
0x00000030d1afdaf0:   0000017900000001 00000179579521e0
0x00000030d1afdb00:   00000179579521e0 00007ffcc8047512
0x00000030d1afdb10:   000000000000000b 000001796ec07140
0x00000030d1afdb20:   0000000000000000 0000000000000000
0x00000030d1afdb30:   000081b27e322844 00007ffcc83a3064
0x00000030d1afdb40:   00000030d1afdd68 00000030d1afde70
0x00000030d1afdb50:   000001797003ace2 0000000000000000 

Instructions: (pc=0x00007ffcc804b3fa)
0x00007ffcc804b2fa:   8a 43 5f 00 48 8b d6 e8 3a 5b ff ff 4c 8b f6 48
0x00007ffcc804b30a:   8b b6 78 01 00 00 48 85 f6 0f 85 a7 fe ff ff 48
0x00007ffcc804b31a:   8b 9c 24 90 00 00 00 4c 8b a4 24 98 00 00 00 48
0x00007ffcc804b32a:   8b 05 70 91 81 00 48 8b 74 24 58 48 8b 6c 24 60
0x00007ffcc804b33a:   48 85 c0 74 12 44 8b c7 48 8d 0d 67 43 5f 00 41
0x00007ffcc804b34a:   8b d5 e8 ef 5a ff ff 48 83 3b 00 4c 8b 6c 24 40
0x00007ffcc804b35a:   48 8b 7c 24 50 74 15 48 8b 54 24 20 49 8b cf e8
0x00007ffcc804b36a:   12 26 d3 ff 48 8b cb e8 ea 25 d3 ff 4d 39 67 18
0x00007ffcc804b37a:   74 11 48 8b 44 24 28 49 89 47 20 49 89 5f 10 4d
0x00007ffcc804b38a:   89 67 18 4c 8b 64 24 48 48 8b 5c 24 68 4c 8b 7c
0x00007ffcc804b39a:   24 38 48 83 c4 70 41 5e c3 cc cc cc cc cc cc cc
0x00007ffcc804b3aa:   cc cc cc cc cc cc 40 53 80 3d d7 8c 81 00 00 4c
0x00007ffcc804b3ba:   8b d2 48 8b d9 74 06 5b e9 b9 c3 ff ff 44 8b 01
0x00007ffcc804b3ca:   45 33 c9 41 83 e8 01 78 3f 0f 1f 40 00 66 0f 1f
0x00007ffcc804b3da:   84 00 00 00 00 00 43 8d 04 08 d1 f8 48 63 c8 48
0x00007ffcc804b3ea:   8b 54 cb 08 48 8b 4a 08 0f b7 51 22 48 8b 49 08
0x00007ffcc804b3fa:   4c 39 54 d1 48 73 06 44 8d 48 01 eb 06 74 0e 44
0x00007ffcc804b40a:   8d 40 ff 45 3b c8 7e ce b8 ff ff ff ff 5b c3 cc
0x00007ffcc804b41a:   cc cc cc cc cc cc 4c 8b dc 53 57 48 81 ec e8 00
0x00007ffcc804b42a:   00 00 48 8b 05 4d d7 7d 00 48 33 c4 48 89 84 24
0x00007ffcc804b43a:   d0 00 00 00 49 89 6b 18 33 ff 4d 89 73 e8 48 8b
0x00007ffcc804b44a:   ea 4c 8b f1 48 85 c9 75 04 8b df eb 5b 48 89 b4
0x00007ffcc804b45a:   24 18 01 00 00 48 8b b2 40 02 00 00 48 83 7e 18
0x00007ffcc804b46a:   f7 76 14 4c 8d 05 f4 70 5a 00 ba 08 00 00 00 48
0x00007ffcc804b47a:   8b ce e8 4f 25 d3 ff 48 8b 5e 18 48 8d 43 08 48
0x00007ffcc804b48a:   3b 46 20 76 14 45 33 c0 48 8b ce 41 8d 50 08 e8
0x00007ffcc804b49a:   92 22 d3 ff 48 8b d8 eb 04 48 89 46 18 48 8b b4
0x00007ffcc804b4aa:   24 18 01 00 00 4c 89 33 48 8b 0d 9f f6 84 00 48
0x00007ffcc804b4ba:   8d 44 24 58 48 89 84 24 a8 00 00 00 48 8d 84 24
0x00007ffcc804b4ca:   99 00 00 00 48 89 84 24 b0 00 00 00 c7 44 24 38
0x00007ffcc804b4da:   0e 00 00 00 48 89 bc 24 c8 00 00 00 c7 84 24 bc
0x00007ffcc804b4ea:   00 00 00 08 00 00 00 40 88 bc 24 c0 00 00 00 c6 


Stack slot to memory mapping:
stack at sp + 0 slots: 0x0000017900086e58 is a pointer to class: 
java.nio.CharBuffer {0x0000017900086e60}
 - instance size:     7
 - klass size:        142
 - access:            public synchronized abstract 
 - state:             loaded
 - name:              'java/nio/CharBuffer'
 - super:             'java/nio/Buffer'
 - sub:               
 - arrays:            NULL
 - methods:           Array<T>(0x000001790065a170)
 - method ordering:   Array<T>(0x000001790065a418)
 - default_methods:   Array<T>(0x000001790065a408)
 - default vtable indices:   Array<T>(0x000001790065a568)
 - local interfaces:  Array<T>(0x0000017900659260)
 - trans. interfaces: Array<T>(0x0000017900659260)
 - constants:         constant pool [463]/operands[0] {0x0000017900659290} for 'java/nio/CharBuffer' cache=0x00000179003ba6d0
 - class loader data:  loader data: 0x000001796ec01d30 of 'bootstrap'
 - source file:       'CharBuffer.java'
 - class annotations:       Array<T>(0x0000000000000000)
 - class type annotations:  Array<T>(0x0000000000000000)
 - field annotations:       Array<T>(0x0000000000000000)
 - field type annotations:  Array<T>(0x0000000000000000)
 - generic signature: 'Ljava/nio/Buffer;Ljava/lang/Comparable<Ljava/nio/CharBuffer;>;Ljava/lang/Appendable;Ljava/lang/CharSequence;Ljava/lang/Readable;'
 - inner classes:     Array<T>(0x000001790065a148)
 - nest members:     Array<T>(0x00000179005cc848)
 - permitted subclasses:     Array<T>(0x00000179005cc848)
 - java mirror:       a 'java/lang/Class'{0x000000070f9a4938} = 'java/nio/CharBuffer'
 - vtable length      61  (start addr: 0x0000017900087020)
 - itable length      22 (start addr: 0x0000017900087208)
 - ---- static fields (2 words):
 - private static final 'ARRAY_BASE_OFFSET' 'J' @112 
 - static final synthetic '$assertionsDisabled' 'Z' @120 
 - ---- non-static fields (10 words):
 - private 'mark' 'I' @12 
 - 'address' 'J' @16 
 - private 'position' 'I' @24 
 - private 'limit' 'I' @28 
 - private 'capacity' 'I' @32 
 - final 'segment' 'Ljdk/internal/access/foreign/MemorySegmentProxy;' @36 
 - final 'offset' 'I' @40 
 - 'isReadOnly' 'Z' @44 
 - final 'hb' '[C' @48 
 - non-static oop maps: 36-36 48-48 
stack at sp + 1 slots: 0x00007ffcc804602f jvm.dll
stack at sp + 2 slots: 0x0000017900086e58 is a pointer to class: 
java.nio.CharBuffer {0x0000017900086e60}
 - instance size:     7
 - klass size:        142
 - access:            public synchronized abstract 
 - state:             loaded
 - name:              'java/nio/CharBuffer'
 - super:             'java/nio/Buffer'
 - sub:               
 - arrays:            NULL
 - methods:           Array<T>(0x000001790065a170)
 - method ordering:   Array<T>(0x000001790065a418)
 - default_methods:   Array<T>(0x000001790065a408)
 - default vtable indices:   Array<T>(0x000001790065a568)
 - local interfaces:  Array<T>(0x0000017900659260)
 - trans. interfaces: Array<T>(0x0000017900659260)
 - constants:         constant pool [463]/operands[0] {0x0000017900659290} for 'java/nio/CharBuffer' cache=0x00000179003ba6d0
 - class loader data:  loader data: 0x000001796ec01d30 of 'bootstrap'
 - source file:       'CharBuffer.java'
 - class annotations:       Array<T>(0x0000000000000000)
 - class type annotations:  Array<T>(0x0000000000000000)
 - field annotations:       Array<T>(0x0000000000000000)
 - field type annotations:  Array<T>(0x0000000000000000)
 - generic signature: 'Ljava/nio/Buffer;Ljava/lang/Comparable<Ljava/nio/CharBuffer;>;Ljava/lang/Appendable;Ljava/lang/CharSequence;Ljava/lang/Readable;'
 - inner classes:     Array<T>(0x000001790065a148)
 - nest members:     Array<T>(0x00000179005cc848)
 - permitted subclasses:     Array<T>(0x00000179005cc848)
 - java mirror:       a 'java/lang/Class'{0x000000070f9a4938} = 'java/nio/CharBuffer'
 - vtable length      61  (start addr: 0x0000017900087020)
 - itable length      22 (start addr: 0x0000017900087208)
 - ---- static fields (2 words):
 - private static final 'ARRAY_BASE_OFFSET' 'J' @112 
 - static final synthetic '$assertionsDisabled' 'Z' @120 
 - ---- non-static fields (10 words):
 - private 'mark' 'I' @12 
 - 'address' 'J' @16 
 - private 'position' 'I' @24 
 - private 'limit' 'I' @28 
 - private 'capacity' 'I' @32 
 - final 'segment' 'Ljdk/internal/access/foreign/MemorySegmentProxy;' @36 
 - final 'offset' 'I' @40 
 - 'isReadOnly' 'Z' @44 
 - final 'hb' '[C' @48 
 - non-static oop maps: 36-36 48-48 
stack at sp + 3 slots: 0x00000179579521e8 points into unknown readable memory: 0x0000000000000000 | 00 00 00 00 00 00 00 00
stack at sp + 4 slots: 0x000001796ec01d30 points into unknown readable memory: 0x0000000000000000 | 00 00 00 00 00 00 00 00
stack at sp + 5 slots: 0x0 is NULL
stack at sp + 6 slots: 0x0 is NULL
stack at sp + 7 slots: 0x0000017900459fb8 is pointing into metadata

invokestatic  184 invokestatic  [0x000001795f489040, 0x000001795f4891a0]  352 bytes
[MachCode]
  0x000001795f489040: 4883 ec08 | c5fa 1104 | 24eb 1f48 | 83ec 10c5 | fb11 0424 | eb14 4883 | ec10 4889 | 0424 48c7 
  0x000001795f489060: 4424 0800 | 0000 00eb | 0150 4c89 | 6dc0 410f | b755 0148 | 8b4d d0c1 | e202 8b5c | d120 c1eb 
  0x000001795f489080: 1081 e3ff | 0000 0081 | fbb8 0000 | 000f 84b6 | 0000 00bb | b800 0000 | e805 0000 | 00e9 9b00 
  0x000001795f4890a0: 0000 488b | d348 8d44 | 2408 4c89 | 6dc0 498b | cfc5 f877 | 4989 afa8 | 0200 0049 | 8987 9802 
  0x000001795f4890c0: 0000 4883 | ec20 f7c4 | 0f00 0000 | 0f84 1a00 | 0000 4883 | ec08 49ba | 10a0 05c8 | fc7f 0000 
  0x000001795f4890e0: 41ff d248 | 83c4 08e9 | 0d00 0000 | 49ba 10a0 | 05c8 fc7f | 0000 41ff | d248 83c4 | 2049 c787 
  0x000001795f489100: 9802 0000 | 0000 0000 | 49c7 87a8 | 0200 0000 | 0000 0049 | c787 a002 | 0000 0000 | 0000 c5f8 
  0x000001795f489120: 7749 817f | 0800 0000 | 000f 8405 | 0000 00e9 | cc7d feff | 4c8b 6dc0 | 4c8b 75c8 | c341 0fb7 
  0x000001795f489140: 5501 488b | 4dd0 c1e2 | 0248 8b5c | d128 488b | 5b08 488b | 5b08 488b | 5b18 80bb | 3301 0000 
  0x000001795f489160: 040f 840d | 0000 004c | 3bbb 3801 | 0000 0f85 | 1fff ffff | 488b 5cd1 | 288b 54d1 | 38c1 ea1c 
  0x000001795f489180: 49ba 5067 | 88c8 fc7f | 0000 498b | 14d2 524c | 8d6c 2408 | 4c89 6df0 | ff63 500f | 1f44 0000 
[/MachCode]

---------------  P R O C E S S  ---------------

Threads class SMR info:
_java_thread_list=0x000001796f4f5250, length=11, elements={
0x00000179579521e0, 0x000001796ed00e40, 0x000001796ed01c80, 0x000001796ed126b0,
0x000001796ed13180, 0x000001796ed17170, 0x000001796ed19b40, 0x000001796ed1a5b0,
0x000001796ed1b3c0, 0x000001796f464d00, 0x000001796f4f5620
}

Java Threads: ( => current thread )
=>0x00000179579521e0 JavaThread "main" [_thread_in_vm, id=3556, stack(0x00000030d1a00000,0x00000030d1b00000)]
  0x000001796ed00e40 JavaThread "Reference Handler" daemon [_thread_blocked, id=11652, stack(0x00000030d2100000,0x00000030d2200000)]
  0x000001796ed01c80 JavaThread "Finalizer" daemon [_thread_blocked, id=4104, stack(0x00000030d2200000,0x00000030d2300000)]
  0x000001796ed126b0 JavaThread "Signal Dispatcher" daemon [_thread_blocked, id=7980, stack(0x00000030d2300000,0x00000030d2400000)]
  0x000001796ed13180 JavaThread "Attach Listener" daemon [_thread_blocked, id=13300, stack(0x00000030d2400000,0x00000030d2500000)]
  0x000001796ed17170 JavaThread "Service Thread" daemon [_thread_blocked, id=9528, stack(0x00000030d2500000,0x00000030d2600000)]
  0x000001796ed19b40 JavaThread "Monitor Deflation Thread" daemon [_thread_blocked, id=8036, stack(0x00000030d2600000,0x00000030d2700000)]
  0x000001796ed1a5b0 JavaThread "C1 CompilerThread0" daemon [_thread_blocked, id=8160, stack(0x00000030d2700000,0x00000030d2800000)]
  0x000001796ed1b3c0 JavaThread "Sweeper thread" daemon [_thread_blocked, id=8300, stack(0x00000030d2800000,0x00000030d2900000)]
  0x000001796f464d00 JavaThread "C1 CompilerThread1" daemon [_thread_blocked, id=7248, stack(0x00000030d2900000,0x00000030d2a00000)]
  0x000001796f4f5620 JavaThread "Common-Cleaner" daemon [_thread_blocked, id=996, stack(0x00000030d2a00000,0x00000030d2b00000)]

Other Threads:
  0x000001796ecf8020 VMThread "VM Thread" [stack: 0x00000030d2000000,0x00000030d2100000] [id=8444]
  0x00000179579bd5f0 GCTaskThread "GC Thread#0" [stack: 0x00000030d1b00000,0x00000030d1c00000] [id=4620]
  0x00000179579ce540 ConcurrentGCThread "G1 Main Marker" [stack: 0x00000030d1c00000,0x00000030d1d00000] [id=1296]
  0x00000179579cef60 ConcurrentGCThread "G1 Conc#0" [stack: 0x00000030d1d00000,0x00000030d1e00000] [id=3540]
  0x000001796ebeeff0 ConcurrentGCThread "G1 Refine#0" [stack: 0x00000030d1e00000,0x00000030d1f00000] [id=6288]
  0x000001796ebf0a30 ConcurrentGCThread "G1 Service" [stack: 0x00000030d1f00000,0x00000030d2000000] [id=7404]

Threads with active compile tasks:

VM state: not at safepoint (normal execution)

VM Mutex/Monitor currently owned by a thread: None

Heap address: 0x0000000700000000, size: 4096 MB, Compressed Oops mode: Zero based, Oop shift amount: 3

CDS archive(s) mapped at: [0x0000017900000000-0x0000017900bb0000-0x0000017900bb0000), size 12255232, SharedBaseAddress: 0x0000017900000000, ArchiveRelocationMode: 1.
Compressed class space mapped at: 0x0000017901000000-0x0000017941000000, reserved size: 1073741824
Narrow klass base: 0x0000017900000000, Narrow klass shift: 0, Narrow klass range: 0x100000000

GC Precious Log:
 CPUs: 16 total, 16 available
 Memory: 16383M
 Large Page Support: Disabled
 NUMA Support: Disabled
 Compressed Oops: Enabled (Zero based)
 Heap Region Size: 2M
 Heap Min Capacity: 8M
 Heap Initial Capacity: 256M
 Heap Max Capacity: 4G
 Pre-touch: Disabled
 Parallel Workers: 13
 Concurrent Workers: 3
 Concurrent Refinement Workers: 13
 Periodic GC: Disabled

Heap:
 garbage-first heap   total 262144K, used 6144K [0x0000000700000000, 0x0000000800000000)
  region size 2048K, 4 young (8192K), 0 survivors (0K)
 Metaspace       used 293K, committed 512K, reserved 1114112K
  class space    used 19K, committed 128K, reserved 1048576K

Heap Regions: E=young(eden), S=young(survivor), O=old, HS=humongous(starts), HC=humongous(continues), CS=collection set, F=free, OA=open archive, CA=closed archive, TAMS=top-at-mark-start (previous, next)
|   0|0x0000000700000000, 0x0000000700000000, 0x0000000700200000|  0%| F|  |TAMS 0x0000000700000000, 0x0000000700000000| Untracked 
|   1|0x0000000700200000, 0x0000000700200000, 0x0000000700400000|  0%| F|  |TAMS 0x0000000700200000, 0x0000000700200000| Untracked 
|   2|0x0000000700400000, 0x0000000700400000, 0x0000000700600000|  0%| F|  |TAMS 0x0000000700400000, 0x0000000700400000| Untracked 
|   3|0x0000000700600000, 0x0000000700600000, 0x0000000700800000|  0%| F|  |TAMS 0x0000000700600000, 0x0000000700600000| Untracked 
|   4|0x0000000700800000, 0x0000000700800000, 0x0000000700a00000|  0%| F|  |TAMS 0x0000000700800000, 0x0000000700800000| Untracked 
|   5|0x0000000700a00000, 0x0000000700a00000, 0x0000000700c00000|  0%| F|  |TAMS 0x0000000700a00000, 0x0000000700a00000| Untracked 
|   6|0x0000000700c00000, 0x0000000700c00000, 0x0000000700e00000|  0%| F|  |TAMS 0x0000000700c00000, 0x0000000700c00000| Untracked 
|   7|0x0000000700e00000, 0x0000000700e00000, 0x0000000701000000|  0%| F|  |TAMS 0x0000000700e00000, 0x0000000700e00000| Untracked 
|   8|0x0000000701000000, 0x0000000701000000, 0x0000000701200000|  0%| F|  |TAMS 0x0000000701000000, 0x0000000701000000| Untracked 
|   9|0x0000000701200000, 0x0000000701200000, 0x0000000701400000|  0%| F|  |TAMS 0x0000000701200000, 0x0000000701200000| Untracked 
|  10|0x0000000701400000, 0x0000000701400000, 0x0000000701600000|  0%| F|  |TAMS 0x0000000701400000, 0x0000000701400000| Untracked 
|  11|0x0000000701600000, 0x0000000701600000, 0x0000000701800000|  0%| F|  |TAMS 0x0000000701600000, 0x0000000701600000| Untracked 
|  12|0x0000000701800000, 0x0000000701800000, 0x0000000701a00000|  0%| F|  |TAMS 0x0000000701800000, 0x0000000701800000| Untracked 
|  13|0x0000000701a00000, 0x0000000701a00000, 0x0000000701c00000|  0%| F|  |TAMS 0x0000000701a00000, 0x0000000701a00000| Untracked 
|  14|0x0000000701c00000, 0x0000000701c00000, 0x0000000701e00000|  0%| F|  |TAMS 0x0000000701c00000, 0x0000000701c00000| Untracked 
|  15|0x0000000701e00000, 0x0000000701e00000, 0x0000000702000000|  0%| F|  |TAMS 0x0000000701e00000, 0x0000000701e00000| Untracked 
|  16|0x0000000702000000, 0x0000000702000000, 0x0000000702200000|  0%| F|  |TAMS 0x0000000702000000, 0x0000000702000000| Untracked 
|  17|0x0000000702200000, 0x0000000702200000, 0x0000000702400000|  0%| F|  |TAMS 0x0000000702200000, 0x0000000702200000| Untracked 
|  18|0x0000000702400000, 0x0000000702400000, 0x0000000702600000|  0%| F|  |TAMS 0x0000000702400000, 0x0000000702400000| Untracked 
|  19|0x0000000702600000, 0x0000000702600000, 0x0000000702800000|  0%| F|  |TAMS 0x0000000702600000, 0x0000000702600000| Untracked 
|  20|0x0000000702800000, 0x0000000702800000, 0x0000000702a00000|  0%| F|  |TAMS 0x0000000702800000, 0x0000000702800000| Untracked 
|  21|0x0000000702a00000, 0x0000000702a00000, 0x0000000702c00000|  0%| F|  |TAMS 0x0000000702a00000, 0x0000000702a00000| Untracked 
|  22|0x0000000702c00000, 0x0000000702c00000, 0x0000000702e00000|  0%| F|  |TAMS 0x0000000702c00000, 0x0000000702c00000| Untracked 
|  23|0x0000000702e00000, 0x0000000702e00000, 0x0000000703000000|  0%| F|  |TAMS 0x0000000702e00000, 0x0000000702e00000| Untracked 
|  24|0x0000000703000000, 0x0000000703000000, 0x0000000703200000|  0%| F|  |TAMS 0x0000000703000000, 0x0000000703000000| Untracked 
|  25|0x0000000703200000, 0x0000000703200000, 0x0000000703400000|  0%| F|  |TAMS 0x0000000703200000, 0x0000000703200000| Untracked 
|  26|0x0000000703400000, 0x0000000703400000, 0x0000000703600000|  0%| F|  |TAMS 0x0000000703400000, 0x0000000703400000| Untracked 
|  27|0x0000000703600000, 0x0000000703600000, 0x0000000703800000|  0%| F|  |TAMS 0x0000000703600000, 0x0000000703600000| Untracked 
|  28|0x0000000703800000, 0x0000000703800000, 0x0000000703a00000|  0%| F|  |TAMS 0x0000000703800000, 0x0000000703800000| Untracked 
|  29|0x0000000703a00000, 0x0000000703a00000, 0x0000000703c00000|  0%| F|  |TAMS 0x0000000703a00000, 0x0000000703a00000| Untracked 
|  30|0x0000000703c00000, 0x0000000703c00000, 0x0000000703e00000|  0%| F|  |TAMS 0x0000000703c00000, 0x0000000703c00000| Untracked 
|  31|0x0000000703e00000, 0x0000000703e00000, 0x0000000704000000|  0%| F|  |TAMS 0x0000000703e00000, 0x0000000703e00000| Untracked 
|  32|0x0000000704000000, 0x0000000704000000, 0x0000000704200000|  0%| F|  |TAMS 0x0000000704000000, 0x0000000704000000| Untracked 
|  33|0x0000000704200000, 0x0000000704200000, 0x0000000704400000|  0%| F|  |TAMS 0x0000000704200000, 0x0000000704200000| Untracked 
|  34|0x0000000704400000, 0x0000000704400000, 0x0000000704600000|  0%| F|  |TAMS 0x0000000704400000, 0x0000000704400000| Untracked 
|  35|0x0000000704600000, 0x0000000704600000, 0x0000000704800000|  0%| F|  |TAMS 0x0000000704600000, 0x0000000704600000| Untracked 
|  36|0x0000000704800000, 0x0000000704800000, 0x0000000704a00000|  0%| F|  |TAMS 0x0000000704800000, 0x0000000704800000| Untracked 
|  37|0x0000000704a00000, 0x0000000704a00000, 0x0000000704c00000|  0%| F|  |TAMS 0x0000000704a00000, 0x0000000704a00000| Untracked 
|  38|0x0000000704c00000, 0x0000000704c00000, 0x0000000704e00000|  0%| F|  |TAMS 0x0000000704c00000, 0x0000000704c00000| Untracked 
|  39|0x0000000704e00000, 0x0000000704e00000, 0x0000000705000000|  0%| F|  |TAMS 0x0000000704e00000, 0x0000000704e00000| Untracked 
|  40|0x0000000705000000, 0x0000000705000000, 0x0000000705200000|  0%| F|  |TAMS 0x0000000705000000, 0x0000000705000000| Untracked 
|  41|0x0000000705200000, 0x0000000705200000, 0x0000000705400000|  0%| F|  |TAMS 0x0000000705200000, 0x0000000705200000| Untracked 
|  42|0x0000000705400000, 0x0000000705400000, 0x0000000705600000|  0%| F|  |TAMS 0x0000000705400000, 0x0000000705400000| Untracked 
|  43|0x0000000705600000, 0x0000000705600000, 0x0000000705800000|  0%| F|  |TAMS 0x0000000705600000, 0x0000000705600000| Untracked 
|  44|0x0000000705800000, 0x0000000705800000, 0x0000000705a00000|  0%| F|  |TAMS 0x0000000705800000, 0x0000000705800000| Untracked 
|  45|0x0000000705a00000, 0x0000000705a00000, 0x0000000705c00000|  0%| F|  |TAMS 0x0000000705a00000, 0x0000000705a00000| Untracked 
|  46|0x0000000705c00000, 0x0000000705c00000, 0x0000000705e00000|  0%| F|  |TAMS 0x0000000705c00000, 0x0000000705c00000| Untracked 
|  47|0x0000000705e00000, 0x0000000705e00000, 0x0000000706000000|  0%| F|  |TAMS 0x0000000705e00000, 0x0000000705e00000| Untracked 
|  48|0x0000000706000000, 0x0000000706000000, 0x0000000706200000|  0%| F|  |TAMS 0x0000000706000000, 0x0000000706000000| Untracked 
|  49|0x0000000706200000, 0x0000000706200000, 0x0000000706400000|  0%| F|  |TAMS 0x0000000706200000, 0x0000000706200000| Untracked 
|  50|0x0000000706400000, 0x0000000706400000, 0x0000000706600000|  0%| F|  |TAMS 0x0000000706400000, 0x0000000706400000| Untracked 
|  51|0x0000000706600000, 0x0000000706600000, 0x0000000706800000|  0%| F|  |TAMS 0x0000000706600000, 0x0000000706600000| Untracked 
|  52|0x0000000706800000, 0x0000000706800000, 0x0000000706a00000|  0%| F|  |TAMS 0x0000000706800000, 0x0000000706800000| Untracked 
|  53|0x0000000706a00000, 0x0000000706a00000, 0x0000000706c00000|  0%| F|  |TAMS 0x0000000706a00000, 0x0000000706a00000| Untracked 
|  54|0x0000000706c00000, 0x0000000706c00000, 0x0000000706e00000|  0%| F|  |TAMS 0x0000000706c00000, 0x0000000706c00000| Untracked 
|  55|0x0000000706e00000, 0x0000000706e00000, 0x0000000707000000|  0%| F|  |TAMS 0x0000000706e00000, 0x0000000706e00000| Untracked 
|  56|0x0000000707000000, 0x0000000707000000, 0x0000000707200000|  0%| F|  |TAMS 0x0000000707000000, 0x0000000707000000| Untracked 
|  57|0x0000000707200000, 0x0000000707200000, 0x0000000707400000|  0%| F|  |TAMS 0x0000000707200000, 0x0000000707200000| Untracked 
|  58|0x0000000707400000, 0x0000000707400000, 0x0000000707600000|  0%| F|  |TAMS 0x0000000707400000, 0x0000000707400000| Untracked 
|  59|0x0000000707600000, 0x0000000707600000, 0x0000000707800000|  0%| F|  |TAMS 0x0000000707600000, 0x0000000707600000| Untracked 
|  60|0x0000000707800000, 0x0000000707800000, 0x0000000707a00000|  0%| F|  |TAMS 0x0000000707800000, 0x0000000707800000| Untracked 
|  61|0x0000000707a00000, 0x0000000707a00000, 0x0000000707c00000|  0%| F|  |TAMS 0x0000000707a00000, 0x0000000707a00000| Untracked 
|  62|0x0000000707c00000, 0x0000000707c00000, 0x0000000707e00000|  0%| F|  |TAMS 0x0000000707c00000, 0x0000000707c00000| Untracked 
|  63|0x0000000707e00000, 0x0000000707e00000, 0x0000000708000000|  0%| F|  |TAMS 0x0000000707e00000, 0x0000000707e00000| Untracked 
|  64|0x0000000708000000, 0x0000000708000000, 0x0000000708200000|  0%| F|  |TAMS 0x0000000708000000, 0x0000000708000000| Untracked 
|  65|0x0000000708200000, 0x0000000708200000, 0x0000000708400000|  0%| F|  |TAMS 0x0000000708200000, 0x0000000708200000| Untracked 
|  66|0x0000000708400000, 0x0000000708400000, 0x0000000708600000|  0%| F|  |TAMS 0x0000000708400000, 0x0000000708400000| Untracked 
|  67|0x0000000708600000, 0x0000000708600000, 0x0000000708800000|  0%| F|  |TAMS 0x0000000708600000, 0x0000000708600000| Untracked 
|  68|0x0000000708800000, 0x0000000708800000, 0x0000000708a00000|  0%| F|  |TAMS 0x0000000708800000, 0x0000000708800000| Untracked 
|  69|0x0000000708a00000, 0x0000000708a00000, 0x0000000708c00000|  0%| F|  |TAMS 0x0000000708a00000, 0x0000000708a00000| Untracked 
|  70|0x0000000708c00000, 0x0000000708c00000, 0x0000000708e00000|  0%| F|  |TAMS 0x0000000708c00000, 0x0000000708c00000| Untracked 
|  71|0x0000000708e00000, 0x0000000708e00000, 0x0000000709000000|  0%| F|  |TAMS 0x0000000708e00000, 0x0000000708e00000| Untracked 
|  72|0x0000000709000000, 0x0000000709000000, 0x0000000709200000|  0%| F|  |TAMS 0x0000000709000000, 0x0000000709000000| Untracked 
|  73|0x0000000709200000, 0x0000000709200000, 0x0000000709400000|  0%| F|  |TAMS 0x0000000709200000, 0x0000000709200000| Untracked 
|  74|0x0000000709400000, 0x0000000709400000, 0x0000000709600000|  0%| F|  |TAMS 0x0000000709400000, 0x0000000709400000| Untracked 
|  75|0x0000000709600000, 0x0000000709600000, 0x0000000709800000|  0%| F|  |TAMS 0x0000000709600000, 0x0000000709600000| Untracked 
|  76|0x0000000709800000, 0x0000000709800000, 0x0000000709a00000|  0%| F|  |TAMS 0x0000000709800000, 0x0000000709800000| Untracked 
|  77|0x0000000709a00000, 0x0000000709a00000, 0x0000000709c00000|  0%| F|  |TAMS 0x0000000709a00000, 0x0000000709a00000| Untracked 
|  78|0x0000000709c00000, 0x0000000709c00000, 0x0000000709e00000|  0%| F|  |TAMS 0x0000000709c00000, 0x0000000709c00000| Untracked 
|  79|0x0000000709e00000, 0x0000000709e00000, 0x000000070a000000|  0%| F|  |TAMS 0x0000000709e00000, 0x0000000709e00000| Untracked 
|  80|0x000000070a000000, 0x000000070a000000, 0x000000070a200000|  0%| F|  |TAMS 0x000000070a000000, 0x000000070a000000| Untracked 
|  81|0x000000070a200000, 0x000000070a200000, 0x000000070a400000|  0%| F|  |TAMS 0x000000070a200000, 0x000000070a200000| Untracked 
|  82|0x000000070a400000, 0x000000070a400000, 0x000000070a600000|  0%| F|  |TAMS 0x000000070a400000, 0x000000070a400000| Untracked 
|  83|0x000000070a600000, 0x000000070a600000, 0x000000070a800000|  0%| F|  |TAMS 0x000000070a600000, 0x000000070a600000| Untracked 
|  84|0x000000070a800000, 0x000000070a800000, 0x000000070aa00000|  0%| F|  |TAMS 0x000000070a800000, 0x000000070a800000| Untracked 
|  85|0x000000070aa00000, 0x000000070aa00000, 0x000000070ac00000|  0%| F|  |TAMS 0x000000070aa00000, 0x000000070aa00000| Untracked 
|  86|0x000000070ac00000, 0x000000070ac00000, 0x000000070ae00000|  0%| F|  |TAMS 0x000000070ac00000, 0x000000070ac00000| Untracked 
|  87|0x000000070ae00000, 0x000000070ae00000, 0x000000070b000000|  0%| F|  |TAMS 0x000000070ae00000, 0x000000070ae00000| Untracked 
|  88|0x000000070b000000, 0x000000070b000000, 0x000000070b200000|  0%| F|  |TAMS 0x000000070b000000, 0x000000070b000000| Untracked 
|  89|0x000000070b200000, 0x000000070b200000, 0x000000070b400000|  0%| F|  |TAMS 0x000000070b200000, 0x000000070b200000| Untracked 
|  90|0x000000070b400000, 0x000000070b400000, 0x000000070b600000|  0%| F|  |TAMS 0x000000070b400000, 0x000000070b400000| Untracked 
|  91|0x000000070b600000, 0x000000070b600000, 0x000000070b800000|  0%| F|  |TAMS 0x000000070b600000, 0x000000070b600000| Untracked 
|  92|0x000000070b800000, 0x000000070b800000, 0x000000070ba00000|  0%| F|  |TAMS 0x000000070b800000, 0x000000070b800000| Untracked 
|  93|0x000000070ba00000, 0x000000070ba00000, 0x000000070bc00000|  0%| F|  |TAMS 0x000000070ba00000, 0x000000070ba00000| Untracked 
|  94|0x000000070bc00000, 0x000000070bc00000, 0x000000070be00000|  0%| F|  |TAMS 0x000000070bc00000, 0x000000070bc00000| Untracked 
|  95|0x000000070be00000, 0x000000070be00000, 0x000000070c000000|  0%| F|  |TAMS 0x000000070be00000, 0x000000070be00000| Untracked 
|  96|0x000000070c000000, 0x000000070c000000, 0x000000070c200000|  0%| F|  |TAMS 0x000000070c000000, 0x000000070c000000| Untracked 
|  97|0x000000070c200000, 0x000000070c200000, 0x000000070c400000|  0%| F|  |TAMS 0x000000070c200000, 0x000000070c200000| Untracked 
|  98|0x000000070c400000, 0x000000070c400000, 0x000000070c600000|  0%| F|  |TAMS 0x000000070c400000, 0x000000070c400000| Untracked 
|  99|0x000000070c600000, 0x000000070c600000, 0x000000070c800000|  0%| F|  |TAMS 0x000000070c600000, 0x000000070c600000| Untracked 
| 100|0x000000070c800000, 0x000000070c800000, 0x000000070ca00000|  0%| F|  |TAMS 0x000000070c800000, 0x000000070c800000| Untracked 
| 101|0x000000070ca00000, 0x000000070ca00000, 0x000000070cc00000|  0%| F|  |TAMS 0x000000070ca00000, 0x000000070ca00000| Untracked 
| 102|0x000000070cc00000, 0x000000070cc00000, 0x000000070ce00000|  0%| F|  |TAMS 0x000000070cc00000, 0x000000070cc00000| Untracked 
| 103|0x000000070ce00000, 0x000000070ce00000, 0x000000070d000000|  0%| F|  |TAMS 0x000000070ce00000, 0x000000070ce00000| Untracked 
| 104|0x000000070d000000, 0x000000070d000000, 0x000000070d200000|  0%| F|  |TAMS 0x000000070d000000, 0x000000070d000000| Untracked 
| 105|0x000000070d200000, 0x000000070d200000, 0x000000070d400000|  0%| F|  |TAMS 0x000000070d200000, 0x000000070d200000| Untracked 
| 106|0x000000070d400000, 0x000000070d400000, 0x000000070d600000|  0%| F|  |TAMS 0x000000070d400000, 0x000000070d400000| Untracked 
| 107|0x000000070d600000, 0x000000070d600000, 0x000000070d800000|  0%| F|  |TAMS 0x000000070d600000, 0x000000070d600000| Untracked 
| 108|0x000000070d800000, 0x000000070d800000, 0x000000070da00000|  0%| F|  |TAMS 0x000000070d800000, 0x000000070d800000| Untracked 
| 109|0x000000070da00000, 0x000000070da00000, 0x000000070dc00000|  0%| F|  |TAMS 0x000000070da00000, 0x000000070da00000| Untracked 
| 110|0x000000070dc00000, 0x000000070dc00000, 0x000000070de00000|  0%| F|  |TAMS 0x000000070dc00000, 0x000000070dc00000| Untracked 
| 111|0x000000070de00000, 0x000000070de00000, 0x000000070e000000|  0%| F|  |TAMS 0x000000070de00000, 0x000000070de00000| Untracked 
| 112|0x000000070e000000, 0x000000070e000000, 0x000000070e200000|  0%| F|  |TAMS 0x000000070e000000, 0x000000070e000000| Untracked 
| 113|0x000000070e200000, 0x000000070e200000, 0x000000070e400000|  0%| F|  |TAMS 0x000000070e200000, 0x000000070e200000| Untracked 
| 114|0x000000070e400000, 0x000000070e400000, 0x000000070e600000|  0%| F|  |TAMS 0x000000070e400000, 0x000000070e400000| Untracked 
| 115|0x000000070e600000, 0x000000070e600000, 0x000000070e800000|  0%| F|  |TAMS 0x000000070e600000, 0x000000070e600000| Untracked 
| 116|0x000000070e800000, 0x000000070e800000, 0x000000070ea00000|  0%| F|  |TAMS 0x000000070e800000, 0x000000070e800000| Untracked 
| 117|0x000000070ea00000, 0x000000070ea00000, 0x000000070ec00000|  0%| F|  |TAMS 0x000000070ea00000, 0x000000070ea00000| Untracked 
| 118|0x000000070ec00000, 0x000000070ec00000, 0x000000070ee00000|  0%| F|  |TAMS 0x000000070ec00000, 0x000000070ec00000| Untracked 
| 119|0x000000070ee00000, 0x000000070ee00000, 0x000000070f000000|  0%| F|  |TAMS 0x000000070ee00000, 0x000000070ee00000| Untracked 
| 120|0x000000070f000000, 0x000000070f000000, 0x000000070f200000|  0%| F|  |TAMS 0x000000070f000000, 0x000000070f000000| Untracked 
| 121|0x000000070f200000, 0x000000070f200000, 0x000000070f400000|  0%| F|  |TAMS 0x000000070f200000, 0x000000070f200000| Untracked 
| 122|0x000000070f400000, 0x000000070f400000, 0x000000070f600000|  0%| F|  |TAMS 0x000000070f400000, 0x000000070f400000| Untracked 
| 123|0x000000070f600000, 0x000000070f600000, 0x000000070f800000|  0%| F|  |TAMS 0x000000070f600000, 0x000000070f600000| Untracked 
| 124|0x000000070f800000, 0x000000070fa00000, 0x000000070fa00000|100%| E|  |TAMS 0x000000070f800000, 0x000000070f800000| Complete 
| 125|0x000000070fa00000, 0x000000070fc00000, 0x000000070fc00000|100%| E|CS|TAMS 0x000000070fa00000, 0x000000070fa00000| Complete 
| 126|0x000000070fc00000, 0x000000070fe00000, 0x000000070fe00000|100%| E|CS|TAMS 0x000000070fc00000, 0x000000070fc00000| Complete 
| 127|0x000000070fe00000, 0x0000000710000000, 0x0000000710000000|100%| E|CS|TAMS 0x000000070fe00000, 0x000000070fe00000| Complete 

Card table byte_map: [0x00000179632d0000,0x0000017963ad0000] _byte_map_base: 0x000001795fad0000

Marking Bits (Prev, Next): (CMBitMap*) 0x00000179579bdc10, (CMBitMap*) 0x00000179579bdc50
 Prev Bits: [0x00000179642d0000, 0x00000179682d0000)
 Next Bits: [0x00000179682d0000, 0x000001796c2d0000)

Polling page: 0x00000179570f0000

Metaspace:

Usage:
  Non-class:    278.31 KB used.
      Class:     20.26 KB used.
       Both:    298.57 KB used.

Virtual space:
  Non-class space:       64.00 MB reserved,     384.00 KB ( <1%) committed,  1 nodes.
      Class space:        1.00 GB reserved,     128.00 KB ( <1%) committed,  1 nodes.
             Both:        1.06 GB reserved,     512.00 KB ( <1%) committed. 

Chunk freelists:
   Non-Class:  12.00 MB
       Class:  15.75 MB
        Both:  27.75 MB

MaxMetaspaceSize: unlimited
CompressedClassSpaceSize: 1.00 GB
Initial GC threshold: 21.00 MB
Current GC threshold: 21.00 MB
CDS: on
MetaspaceReclaimPolicy: balanced
 - commit_granule_bytes: 65536.
 - commit_granule_words: 8192.
 - virtual_space_node_default_size: 8388608.
 - enlarge_chunks_in_place: 1.
 - new_chunks_are_fully_committed: 0.
 - uncommit_free_chunks: 1.
 - use_allocation_guard: 0.
 - handle_deallocations: 1.


Internal statistics:

num_allocs_failed_limit: 0.
num_arena_births: 4.
num_arena_deaths: 0.
num_vsnodes_births: 2.
num_vsnodes_deaths: 0.
num_space_committed: 8.
num_space_uncommitted: 0.
num_chunks_returned_to_freelist: 0.
num_chunks_taken_from_freelist: 5.
num_chunk_merges: 0.
num_chunk_splits: 3.
num_chunks_enlarged: 1.
num_inconsistent_stats: 0.

CodeCache: size=49152Kb used=2007Kb max_used=2007Kb free=47144Kb
 bounds [0x000001795f470000, 0x000001795f6e0000, 0x0000017962470000]
 total_blobs=661 nmethods=308 adapters=280
 compilation: enabled
              stopped_count=0, restarted_count=0
 full_count=0

Compilation events (20 events):
Event: 0.172 Thread 0x000001796f464d00  299       1       sun.nio.fs.NativeBuffer::setOwner (6 bytes)
Event: 0.172 Thread 0x000001796ed1a5b0  300       1       sun.nio.fs.NativeBuffer::size (5 bytes)
Event: 0.172 Thread 0x000001796f464d00 nmethod 299 0x000001795f662c90 code [0x000001795f662e20, 0x000001795f662f38]
Event: 0.172 Thread 0x000001796ed1a5b0 nmethod 300 0x000001795f662f90 code [0x000001795f663120, 0x000001795f6631f8]
Event: 0.176 Thread 0x000001796ed1a5b0  301       1       java.util.jar.Attributes$Name::hash (148 bytes)
Event: 0.176 Thread 0x000001796ed1a5b0 nmethod 301 0x000001795f663290 code [0x000001795f663480, 0x000001795f663988]
Event: 0.177 Thread 0x000001796ed1a5b0  302       1       java.lang.ref.Cleaner::register (25 bytes)
Event: 0.177 Thread 0x000001796f464d00  303       1       jdk.internal.ref.CleanerImpl$PhantomCleanableRef::<init> (12 bytes)
Event: 0.177 Thread 0x000001796f464d00 nmethod 303 0x000001795f663d10 code [0x000001795f663ea0, 0x000001795f663fe8]
Event: 0.178 Thread 0x000001796ed1a5b0 nmethod 302 0x000001795f664090 code [0x000001795f664260, 0x000001795f664588]
Event: 0.178 Thread 0x000001796ed1a5b0  304       1       java.util.WeakHashMap::maskNull (12 bytes)
Event: 0.178 Thread 0x000001796f464d00  305       1       java.util.WeakHashMap::hash (28 bytes)
Event: 0.178 Thread 0x000001796ed1a5b0 nmethod 304 0x000001795f664710 code [0x000001795f6648a0, 0x000001795f664958]
Event: 0.178 Thread 0x000001796ed1a5b0  306       1       java.util.WeakHashMap::getTable (9 bytes)
Event: 0.178 Thread 0x000001796f464d00 nmethod 305 0x000001795f664a10 code [0x000001795f664ba0, 0x000001795f664ca8]
Event: 0.178 Thread 0x000001796f464d00  307   !   1       java.util.WeakHashMap::expungeStaleEntries (139 bytes)
Event: 0.178 Thread 0x000001796ed1a5b0 nmethod 306 0x000001795f664d10 code [0x000001795f664ea0, 0x000001795f664f88]
Event: 0.178 Thread 0x000001796ed1a5b0  308       1       java.util.WeakHashMap::indexFor (6 bytes)
Event: 0.178 Thread 0x000001796ed1a5b0 nmethod 308 0x000001795f665010 code [0x000001795f6651a0, 0x000001795f665258]
Event: 0.178 Thread 0x000001796f464d00 nmethod 307 0x000001795f665310 code [0x000001795f6654e0, 0x000001795f665a28]

GC Heap History (0 events):
No events

Dll operation events (7 events):
Event: 0.006 Loaded shared library C:\Users\admin.LINHTQ-TEST-DOC\.jdks\ms-17.0.14\bin\java.dll
Event: 0.032 Loaded shared library C:\Users\admin.LINHTQ-TEST-DOC\.jdks\ms-17.0.14\bin\jsvml.dll
Event: 0.124 Loaded shared library C:\Users\admin.LINHTQ-TEST-DOC\.jdks\ms-17.0.14\bin\zip.dll
Event: 0.126 Loaded shared library C:\Users\admin.LINHTQ-TEST-DOC\.jdks\ms-17.0.14\bin\instrument.dll
Event: 0.134 Loaded shared library C:\Users\admin.LINHTQ-TEST-DOC\.jdks\ms-17.0.14\bin\net.dll
Event: 0.135 Loaded shared library C:\Users\admin.LINHTQ-TEST-DOC\.jdks\ms-17.0.14\bin\nio.dll
Event: 0.140 Loaded shared library C:\Users\admin.LINHTQ-TEST-DOC\.jdks\ms-17.0.14\bin\zip.dll

Deoptimization events (0 events):
No events

Classes loaded (20 events):
Event: 0.127 Loading class jdk/internal/loader/URLClassPath$FileLoader
Event: 0.127 Loading class jdk/internal/loader/URLClassPath$FileLoader done
Event: 0.148 Loading class java/io/FileNotFoundException
Event: 0.148 Loading class java/io/IOException
Event: 0.148 Loading class java/io/IOException done
Event: 0.148 Loading class java/io/FileNotFoundException done
Event: 0.148 Loading class java/security/PrivilegedActionException
Event: 0.148 Loading class java/security/PrivilegedActionException done
Event: 0.178 Loading class java/io/BufferedReader
Event: 0.178 Loading class java/io/Reader
Event: 0.178 Loading class java/io/Reader done
Event: 0.178 Loading class java/io/BufferedReader done
Event: 0.178 Loading class java/io/InputStreamReader
Event: 0.179 Loading class java/io/InputStreamReader done
Event: 0.179 Loading class sun/nio/cs/StreamDecoder
Event: 0.179 Loading class sun/nio/cs/StreamDecoder done
Event: 0.179 Loading class sun/nio/cs/UTF_8$Decoder
Event: 0.179 Loading class sun/nio/cs/UTF_8$Decoder done
Event: 0.179 Loading class java/util/Vector
Event: 0.179 Loading class java/util/Vector done

Classes unloaded (0 events):
No events

Classes redefined (0 events):
No events

Internal exceptions (0 events):
No events

VM Operations (2 events):
Event: 0.115 Executing VM operation: HandshakeAllThreads
Event: 0.115 Executing VM operation: HandshakeAllThreads done

Memory protections (0 events):
No events

Nmethod flushes (0 events):
No events

Events (11 events):
Event: 0.032 Thread 0x00000179579521e0 Thread added: 0x00000179579521e0
Event: 0.037 Thread 0x00000179579521e0 Thread added: 0x000001796ed00e40
Event: 0.037 Thread 0x00000179579521e0 Thread added: 0x000001796ed01c80
Event: 0.047 Thread 0x00000179579521e0 Thread added: 0x000001796ed126b0
Event: 0.047 Thread 0x00000179579521e0 Thread added: 0x000001796ed13180
Event: 0.047 Thread 0x00000179579521e0 Thread added: 0x000001796ed17170
Event: 0.047 Thread 0x00000179579521e0 Thread added: 0x000001796ed19b40
Event: 0.047 Thread 0x00000179579521e0 Thread added: 0x000001796ed1a5b0
Event: 0.047 Thread 0x00000179579521e0 Thread added: 0x000001796ed1b3c0
Event: 0.052 Thread 0x000001796ed1a5b0 Thread added: 0x000001796f464d00
Event: 0.109 Thread 0x00000179579521e0 Thread added: 0x000001796f4f5620


Dynamic libraries:
0x00007ff7cf410000 - 0x00007ff7cf41e000 	C:\Users\admin.LINHTQ-TEST-DOC\.jdks\ms-17.0.14\bin\java.exe
0x00007ffcee5b0000 - 0x00007ffcee7a8000 	C:\Windows\SYSTEM32\ntdll.dll
0x00007ffcee470000 - 0x00007ffcee532000 	C:\Windows\System32\KERNEL32.DLL
0x00007ffcec240000 - 0x00007ffcec536000 	C:\Windows\System32\KERNELBASE.dll
0x00007ffcebc90000 - 0x00007ffcebd90000 	C:\Windows\System32\ucrtbase.dll
0x00007ffcda040000 - 0x00007ffcda057000 	C:\Users\admin.LINHTQ-TEST-DOC\.jdks\ms-17.0.14\bin\jli.dll
0x00007ffcd9740000 - 0x00007ffcd975d000 	C:\Users\admin.LINHTQ-TEST-DOC\.jdks\ms-17.0.14\bin\VCRUNTIME140.dll
0x00007ffced260000 - 0x00007ffced3fd000 	C:\Windows\System32\USER32.dll
0x00007ffcdeb50000 - 0x00007ffcdedea000 	C:\Windows\WinSxS\amd64_microsoft.windows.common-controls_6595b64144ccf1df_6.0.19041.4355_none_60b8b9eb71f62e16\COMCTL32.dll
0x00007ffcec210000 - 0x00007ffcec232000 	C:\Windows\System32\win32u.dll
0x00007ffcecdf0000 - 0x00007ffcece8e000 	C:\Windows\System32\msvcrt.dll
0x00007ffcee540000 - 0x00007ffcee56b000 	C:\Windows\System32\GDI32.dll
0x00007ffcebfd0000 - 0x00007ffcec0ea000 	C:\Windows\System32\gdi32full.dll
0x00007ffcec0f0000 - 0x00007ffcec18d000 	C:\Windows\System32\msvcp_win.dll
0x00007ffcecf60000 - 0x00007ffcecf8f000 	C:\Windows\System32\IMM32.DLL
0x00007ffcda0a0000 - 0x00007ffcda0ac000 	C:\Users\admin.LINHTQ-TEST-DOC\.jdks\ms-17.0.14\bin\vcruntime140_1.dll
0x00007ffcd5b90000 - 0x00007ffcd5c1d000 	C:\Users\admin.LINHTQ-TEST-DOC\.jdks\ms-17.0.14\bin\msvcp140.dll
0x00007ffcc7cd0000 - 0x00007ffcc8942000 	C:\Users\admin.LINHTQ-TEST-DOC\.jdks\ms-17.0.14\bin\server\jvm.dll
0x00007ffced1a0000 - 0x00007ffced24f000 	C:\Windows\System32\ADVAPI32.dll
0x00007ffcecae0000 - 0x00007ffcecb7f000 	C:\Windows\System32\sechost.dll
0x00007ffcecc10000 - 0x00007ffcecd33000 	C:\Windows\System32\RPCRT4.dll
0x00007ffcebe40000 - 0x00007ffcebe67000 	C:\Windows\System32\bcrypt.dll
0x00007ffcee220000 - 0x00007ffcee28b000 	C:\Windows\System32\WS2_32.dll
0x00007ffcebaa0000 - 0x00007ffcebaeb000 	C:\Windows\SYSTEM32\POWRPROF.dll
0x00007ffce4340000 - 0x00007ffce434a000 	C:\Windows\SYSTEM32\VERSION.dll
0x00007ffccb040000 - 0x00007ffccb067000 	C:\Windows\SYSTEM32\WINMM.dll
0x00007ffceba80000 - 0x00007ffceba92000 	C:\Windows\SYSTEM32\UMPDC.dll
0x00007ffce99c0000 - 0x00007ffce99d2000 	C:\Windows\SYSTEM32\kernel.appcore.dll
0x00007ffcd9e20000 - 0x00007ffcd9e2a000 	C:\Users\admin.LINHTQ-TEST-DOC\.jdks\ms-17.0.14\bin\jimage.dll
0x00007ffcdee70000 - 0x00007ffcdf054000 	C:\Windows\SYSTEM32\DBGHELP.DLL
0x00007ffce0e80000 - 0x00007ffce0eb4000 	C:\Windows\SYSTEM32\dbgcore.DLL
0x00007ffcec540000 - 0x00007ffcec5c2000 	C:\Windows\System32\bcryptPrimitives.dll
0x00007ffcd9cf0000 - 0x00007ffcd9cfe000 	C:\Users\admin.LINHTQ-TEST-DOC\.jdks\ms-17.0.14\bin\instrument.dll
0x00007ffcd9690000 - 0x00007ffcd96b5000 	C:\Users\admin.LINHTQ-TEST-DOC\.jdks\ms-17.0.14\bin\java.dll
0x00007ffcd5370000 - 0x00007ffcd5447000 	C:\Users\admin.LINHTQ-TEST-DOC\.jdks\ms-17.0.14\bin\jsvml.dll
0x00007ffceda30000 - 0x00007ffcee19f000 	C:\Windows\System32\SHELL32.dll
0x00007ffce9ca0000 - 0x00007ffcea443000 	C:\Windows\SYSTEM32\windows.storage.dll
0x00007ffcec5d0000 - 0x00007ffcec925000 	C:\Windows\System32\combase.dll
0x00007ffceb520000 - 0x00007ffceb54b000 	C:\Windows\SYSTEM32\Wldp.dll
0x00007ffcece90000 - 0x00007ffcecf5d000 	C:\Windows\System32\OLEAUT32.dll
0x00007ffcecd40000 - 0x00007ffcecded000 	C:\Windows\System32\SHCORE.dll
0x00007ffcecf90000 - 0x00007ffcecfe5000 	C:\Windows\System32\shlwapi.dll
0x00007ffcebb70000 - 0x00007ffcebb95000 	C:\Windows\SYSTEM32\profapi.dll
0x00007ffce8bb0000 - 0x00007ffce8bc8000 	C:\Users\admin.LINHTQ-TEST-DOC\.jdks\ms-17.0.14\bin\zip.dll
0x00007ffce8b90000 - 0x00007ffce8baa000 	C:\Users\admin.LINHTQ-TEST-DOC\.jdks\ms-17.0.14\bin\net.dll
0x00007ffce5da0000 - 0x00007ffce5eaa000 	C:\Windows\SYSTEM32\WINHTTP.dll
0x00007ffceb300000 - 0x00007ffceb36c000 	C:\Windows\system32\mswsock.dll
0x00007ffce8ad0000 - 0x00007ffce8ae6000 	C:\Users\admin.LINHTQ-TEST-DOC\.jdks\ms-17.0.14\bin\nio.dll

dbghelp: loaded successfully - version: 4.0.5 - missing functions: none
symbol engine: initialized successfully - sym options: 0x614 - pdb path: .;C:\Users\admin.LINHTQ-TEST-DOC\.jdks\ms-17.0.14\bin;C:\Windows\SYSTEM32;C:\Windows\WinSxS\amd64_microsoft.windows.common-controls_6595b64144ccf1df_6.0.19041.4355_none_60b8b9eb71f62e16;C:\Users\admin.LINHTQ-TEST-DOC\.jdks\ms-17.0.14\bin\server

VM Arguments:
jvm_args: -XX:TieredStopAtLevel=1 -Dspring.output.ansi.enabled=always -Dcom.sun.management.jmxremote -Dspring.jmx.enabled=true -Dspring.liveBeansView.mbeanDomain -Dspring.application.admin.enabled=true -Dmanagement.endpoints.jmx.exposure.include=* -javaagent:C:\Program Files\JetBrains\IntelliJ IDEA 2025.1\lib\idea_rt.jar=51124 -Dfile.encoding=UTF-8 
java_command: vn.edu.iuh.fit.ChatAppBackendApplication
java_class_path (initial): C:\Users\admin.LINHTQ-TEST-DOC\Desktop\fixloi_cnm\appchatzolo_cnm\chat-app-backend\build\classes\java\main;C:\Users\admin.LINHTQ-TEST-DOC\Desktop\fixloi_cnm\appchatzolo_cnm\chat-app-backend\build\resources\main;C:\Users\admin.LINHTQ-TEST-DOC\.gradle\caches\modules-2\files-2.1\org.projectlombok\lombok\1.18.36\5a30490a6e14977d97d9c73c924c1f1b5311ea95\lombok-1.18.36.jar;C:\Users\admin.LINHTQ-TEST-DOC\.gradle\caches\modules-2\files-2.1\org.springframework.boot\spring-boot-starter-websocket\3.4.1\88c26a89cce79ed23c782620238f6f222ebf4848\spring-boot-starter-websocket-3.4.1.jar;C:\Users\admin.LINHTQ-TEST-DOC\.gradle\caches\modules-2\files-2.1\org.springframework.boot\spring-boot-starter-web\3.4.1\ff7227fc62338e0f6eba3f9f94c12eb952d4da95\spring-boot-starter-web-3.4.1.jar;C:\Users\admin.LINHTQ-TEST-DOC\.gradle\caches\modules-2\files-2.1\software.amazon.awssdk\s3\2.29.43\ac8c5e7c6fcc68d4f100959c19641ab76a1a4fc1\s3-2.29.43.jar;C:\Users\admin.LINHTQ-TEST-DOC\.gradle\caches\modules-2\files-2.1\software.amazon.awssdk\dynamodb-enhanced\2.29.43\fe31ced2fc76b8ed8acfede73dfb2a0ed7383902\dynamodb-enhanced-2.29.43.jar;C:\Users\admin.LINHTQ-TEST-DOC\.gradle\caches\modules-2\files-2.1\software.amazon.awssdk\dynamodb\2.29.43\230651097539fdbce34bed432cf2e57d958e9895\dynamodb-2.29.43.jar;C:\Users\admin.LINHTQ-TEST-DOC\.gradle\caches\modules-2\files-2.1\software.amazon.awssdk\cognitoidentityprovider\2.29.43\702dded2d830c9717b90b493e8f62b8cde39aea8\cognitoidentityprovider-2.29.43.jar;C:\Users\admin.LINHTQ-TEST-DOC\.gradle\caches\modules-2\files-2.1\software.amazon.awssdk\sns\2.29.43\e165f4cba8a3fe423d5fb9b696796c994e51fe96\sns-2.29.43.jar;C:\Users\admin.LINHTQ-TEST-DOC\.gradle\caches\modules-2\files-2.1\software.amazon.awssdk\url-connection-client\2.25.0\60307559a7157bca0cc685969beff41a8b95b3de\url-connection-client-2.25.0.jar;C:\Users\admin.LINHTQ-TEST-DOC\.gradle\caches\modules-2\files-2.1\com.github.derjust\spring-data-dynamodb\5.1.0\9fa1eb324217f8062244df4cbae
Launcher Type: SUN_STANDARD

[Global flags]
     intx CICompilerCount                          = 12                                        {product} {ergonomic}
     uint ConcGCThreads                            = 3                                         {product} {ergonomic}
     uint G1ConcRefinementThreads                  = 13                                        {product} {ergonomic}
   size_t G1HeapRegionSize                         = 2097152                                   {product} {ergonomic}
    uintx GCDrainStackTargetSize                   = 64                                        {product} {ergonomic}
   size_t InitialHeapSize                          = 268435456                                 {product} {ergonomic}
     bool ManagementServer                         = true                                      {product} {command line}
   size_t MarkStackSize                            = 4194304                                   {product} {ergonomic}
   size_t MaxHeapSize                              = 4294967296                                {product} {ergonomic}
   size_t MaxNewSize                               = 2575302656                                {product} {ergonomic}
   size_t MinHeapDeltaBytes                        = 2097152                                   {product} {ergonomic}
   size_t MinHeapSize                              = 8388608                                   {product} {ergonomic}
    uintx NonProfiledCodeHeapSize                  = 0                                      {pd product} {ergonomic}
     bool ProfileInterpreter                       = false                                  {pd product} {command line}
    uintx ProfiledCodeHeapSize                     = 0                                      {pd product} {ergonomic}
   size_t SoftMaxHeapSize                          = 4294967296                             {manageable} {ergonomic}
     intx TieredStopAtLevel                        = 1                                         {product} {command line}
     bool UseCompressedClassPointers               = true                           {product lp64_product} {ergonomic}
     bool UseCompressedOops                        = true                           {product lp64_product} {ergonomic}
     bool UseG1GC                                  = true                                      {product} {ergonomic}
     bool UseLargePagesIndividualAllocation        = false                                  {pd product} {ergonomic}

Logging:
Log output configuration:
 #0: stdout all=warning uptime,level,tags
 #1: stderr all=off uptime,level,tags

Environment Variables:
JAVA_HOME=C:\Program Files\Java\jdk-17
PATH=C:\Python313\Scripts\;C:\Python313\;C:\Program Files\Common Files\Oracle\Java\javapath;C:\Windows\system32;C:\Windows;C:\Windows\System32\Wbem;C:\Windows\System32\WindowsPowerShell\v1.0\;C:\Windows\System32\OpenSSH\;C:\Program Files\Java\jdk-17\bin;C:\Program Files\nodejs\;C:\ProgramData\chocolatey\bin;C:\Program Files\Git\cmd;C:\Program Files\Amazon\AWSCLIV2\;C:\Program Files\Docker\Docker\resources\bin;C:\Users\admin.LINHTQ-TEST-DOC\AppData\Local\Microsoft\WindowsApps;;C:\Program Files\JetBrains\IntelliJ IDEA 2025.1\bin;;C:\Users\admin.LINHTQ-TEST-DOC\AppData\Roaming\npm;C:\Users\admin.LINHTQ-TEST-DOC\AppData\Local\Programs\Microsoft VS Code\bin
USERNAME=admin
OS=Windows_NT
PROCESSOR_IDENTIFIER=Intel64 Family 6 Model 134 Stepping 0, GenuineIntel
TMP=C:\Users\ADMIN~1.LIN\AppData\Local\Temp
TEMP=C:\Users\ADMIN~1.LIN\AppData\Local\Temp



Periodic native trim disabled


---------------  S Y S T E M  ---------------

OS:
 Windows 10 , 64 bit Build 19041 (10.0.19041.5678)
OS uptime: 0 days 10:17 hours
Hyper-V role detected

CPU: total 16 (initial active 16) (8 cores per cpu, 1 threads per core) family 6 model 134 stepping 0 microcode 0x1, cx8, cmov, fxsr, mmx, 3dnowpref, sse, sse2, sse3, ssse3, sse4.1, sse4.2, popcnt, lzcnt, tsc, avx, avx2, aes, erms, clmul, bmi1, bmi2, adx, avx512f, avx512dq, avx512cd, avx512bw, avx512vl, sha, fma, vzeroupper, avx512_vpopcntdq, avx512_vpclmulqdq, avx512_vaes, avx512_vnni, clflush, clflushopt, clwb, avx512_vbmi2, avx512_vbmi, hv
Processor Information for the first 16 processors :
  Max Mhz: 2500, Current Mhz: 2500, Mhz Limit: 2500

Memory: 4k page, system-wide physical 16383M (7346M free)
TotalPageFile size 18815M (AvailPageFile size 7011M)
current process WorkingSet (physical memory assigned to process): 42M, peak: 42M
current process commit charge ("private bytes"): 352M, peak: 352M

vm_info: OpenJDK 64-Bit Server VM (17.0.14+7-LTS) for windows-amd64 JRE (17.0.14+7-LTS), built on Jan  8 2025 23:39:28 by "MicrosoftCorporation" with unknown MS VC++:1939

END.
