#
# A fatal error has been detected by the Java Runtime Environment:
#
#  EXCEPTION_ACCESS_VIOLATION (0xc0000005) at pc=0x00007ff927ee9ca0, pid=9960, tid=7280
#
# JRE version:  (17.0.14+7) (build )
# Java VM: OpenJDK 64-Bit Server VM (17.0.14+7-LTS, mixed mode, emulated-client, sharing, tiered, compressed oops, compressed class ptrs, g1 gc, windows-amd64)
# Problematic frame:
# V  [jvm.dll+0x639ca0]
#
# No core dump will be written. Minidumps are not enabled by default on client versions of Windows
#
#

---------------  S U M M A R Y ------------

Command Line: -XX:TieredStopAtLevel=1 -Dspring.output.ansi.enabled=always -Dcom.sun.management.jmxremote -Dspring.jmx.enabled=true -Dspring.liveBeansView.mbeanDomain -Dspring.application.admin.enabled=true -Dmanagement.endpoints.jmx.exposure.include=* -javaagent:C:\Program Files\JetBrains\IntelliJ IDEA 2025.1\lib\idea_rt.jar=50225 -Dfile.encoding=UTF-8 vn.edu.iuh.fit.ChatAppBackendApplication

Host: Intel Xeon Processor (Icelake), 16 cores, 15G,  Windows 10 , 64 bit Build 19041 (10.0.19041.5678)
Time: Wed May 21 18:07:30 2025 SE Asia Standard Time elapsed time: 0.070521 seconds (0d 0h 0m 0s)

---------------  T H R E A D  ---------------

Current thread (0x0000022d519c2780):  JavaThread "Unknown thread" [_thread_in_vm, id=7280, stack(0x000000a469400000,0x000000a469500000)]

Stack: [0x000000a469400000,0x000000a469500000],  sp=0x000000a4694fed58,  free space=1019k
Native frames: (J=compiled Java code, j=interpreted, Vv=VM code, C=native code)
V  [jvm.dll+0x639ca0]
V  [jvm.dll+0xb2d2]
V  [jvm.dll+0x63a14b]
V  [jvm.dll+0x377b91]
V  [jvm.dll+0x377976]
V  [jvm.dll+0x377976]
V  [jvm.dll+0x377976]
V  [jvm.dll+0x377cee]
V  [jvm.dll+0x811ab9]
V  [jvm.dll+0x370c84]
V  [jvm.dll+0x7f00ef]
V  [jvm.dll+0x3f76ff]
V  [jvm.dll+0x3f9231]
C  [jli.dll+0x52a0]
C  [ucrtbase.dll+0x21bb2]
C  [KERNEL32.DLL+0x17374]
C  [ntdll.dll+0x4cc91]


siginfo: EXCEPTION_ACCESS_VIOLATION (0xc0000005), reading address 0x00007ff98953feda


Registers:
RAX=0x0000022d00b47800, RBX=0x0000000000000000, RCX=0x0000022d00001400, RDX=0x0000022d00001400
RSP=0x000000a4694fed58, RBP=0x0000022d519c2780, RSI=0x0000022d4f6251f0, RDI=0x000000a4694fee10
R8 =0x0000022d519c2780, R9 =0x0000000000000001, R10=0x0000022d519be430, R11=0x0000022d00001458
R12=0x0000000000000000, R13=0x0000022d4f5efc30, R14=0x0000022d00000d58, R15=0x000000070fe00698
RIP=0x00007ff927ee9ca0, EFLAGS=0x0000000000010246


Register to memory mapping:

RIP=0x00007ff927ee9ca0 jvm.dll
RAX=
[error occurred during error reporting (printing register info), id 0xc000001d, EXCEPTION_ILLEGAL_INSTRUCTION (0xc000001d) at pc=0x00007ff927ee9de2]

Top of Stack: (sp=0x000000a4694fed58)
0x000000a4694fed58:   00007ff9278bb2d2 0000000000000000
0x000000a4694fed68:   00007ff927f318af 0000022d519c3430
0x000000a4694fed78:   0000022d00062dd8 000000a4694fee10
0x000000a4694fed88:   00007ff927eea14b 0000022d00001400
0x000000a4694fed98:   00007ff9280adcf8 00000000fcc41ff9
0x000000a4694feda8:   0000000000000000 00000000000003d8
0x000000a4694fedb8:   0000000000000000 0000022d519c2780
0x000000a4694fedc8:   00007ff927c27b91 0000022d4f6251f0
0x000000a4694fedd8:   0000000000000006 000000a4694feea9
0x000000a4694fede8:   0000000000000000 0000000000000000
0x000000a4694fedf8:   0000000000000000 0000000000000000
0x000000a4694fee08:   000000a4694fee21 0000022d00001400
0x000000a4694fee18:   0000022d519c2780 00000000635f3bf0
0x000000a4694fee28:   0000022d00062dd8 0000000000000000
0x000000a4694fee38:   000000000009a8bc 00000000635f3b01
0x000000a4694fee48:   0000022d4f6cde20 0000022d4f6cdba0
0x000000a4694fee58:   0000022d4f6ce320 0000022d519c3404
0x000000a4694fee68:   0000022d519c3418 ffffffff00000001
0x000000a4694fee78:   00007ff92806a644 0000022d519c2780
0x000000a4694fee88:   0000022d519c6dd8 0000000000000001
0x000000a4694fee98:   0000022d519c2780 0000022d4f6251f0
0x000000a4694feea8:   0000022d519c6d70 0000022d519c6dd8
0x000000a4694feeb8:   0000022d519ced58 00000000000080b0
0x000000a4694feec8:   000000a4694ff358 00007ff927ef5800
0x000000a4694feed8:   0000022d00021870 0000022d4f5efc30
0x000000a4694feee8:   0000000000000001 0000022d519c2780
0x000000a4694feef8:   0000022d519c2780 000000a4694fefe9
0x000000a4694fef08:   00007ff927c27976 0000022d00080650
0x000000a4694fef18:   0000022d4f5d0000 0000022d00001400
0x000000a4694fef28:   0000000000000000 0000000000000000
0x000000a4694fef38:   00007ff927957783 0000022d68d1b2c0
0x000000a4694fef48:   00007ff946f0f05b 0000022d68d1b2c0 

Instructions: (pc=0x00007ff927ee9ca0)
0x00007ff927ee9ba0:   42 ff 83 f8 02 77 09 8b 41 28 c1 e8 1a 24 01 c3
0x00007ff927ee9bb0:   83 fa 04 75 09 8b 41 28 c1 e8 19 24 01 c3 32 c0
0x00007ff927ee9bc0:   c3 cc cc cc cc cc cc cc cc cc cc cc cc cc cc cc
0x00007ff927ee9bd0:   48 8b 41 18 48 85 c0 74 07 66 83 78 2e 00 77 5e
0x00007ff927ee9be0:   44 0f b7 41 30 41 b9 54 01 00 00 41 8b c0 41 2b
0x00007ff927ee9bf0:   c1 83 f8 06 77 10 66 45 3b c1 74 0a 8b 41 28 c1
0x00007ff927ee9c00:   6d 2f 37 36 32 63 38 30 32 39 2d 32 36 64 39 2d
0x00007ff927ee9c10:   34 62 65 61 2d 62 34 36 31 2d 39 38 39 65 65 34
0x00007ff927ee9c20:   64 34 38 39 30 66 2f 73 63 68 65 64 75 6c 65 72
0x00007ff927ee9c30:   40 73 68 61 32 35 36 3a 61 35 63 37 35 65 38 65
0x00007ff927ee9c40:   61 31 34 37 30 33 36 33 37 64 62 39 30 61 63 64
0x00007ff927ee9c50:   34 64 64 36 38 63 61 37 38 32 64 32 65 32 33 62
0x00007ff927ee9c60:   65 32 61 31 62 65 32 66 31 31 66 61 39 38 61 39
0x00007ff927ee9c70:   32 65 36 31 31 62 36 35 0a 5a 72 65 67 69 73 74
0x00007ff927ee9c80:   72 79 2e 66 6b 65 2e 66 70 74 63 6c 6f 75 64 2e
0x00007ff927ee9c90:   63 6f 6d 2f 37 36 32 63 38 30 32 39 2d 32 36 64
0x00007ff927ee9ca0:   39 2d 34 62 65 61 2d 62 34 36 31 2d 39 38 39 65
0x00007ff927ee9cb0:   65 34 64 34 38 39 30 66 2f 73 63 68 65 64 75 6c
0x00007ff927ee9cc0:   65 72 3a 76 31 2e 33 2e 32 2d 64 65 76 31 2e 33
0x00007ff927ee9cd0:   31 2d 30 32 10 9e 8f ef 20 42 b3 01 0a 75 65 75
0x00007ff927ee9ce0:   2e 67 63 72 2e 69 6f 2f 67 61 72 64 65 6e 65 72
0x00007ff927ee9cf0:   2d 70 72 6f 6a 65 63 74 2f 67 61 72 64 65 6e 65
0x00007ff927ee9d00:   72 2f 65 74 63 64 62 72 63 74 6c 40 73 68 61 32
0x00007ff927ee9d10:   35 36 3a 32 65 30 61 32 36 63 37 34 32 39 39 32
0x00007ff927ee9d20:   66 39 32 64 61 37 38 31 65 34 35 32 39 33 36 65
0x00007ff927ee9d30:   33 33 62 39 36 34 66 62 62 31 30 62 37 64 64 65
0x00007ff927ee9d40:   33 36 30 66 39 66 32 63 34 35 66 62 34 33 65 65
0x00007ff927ee9d50:   36 30 35 0a 35 65 75 2e 67 63 72 2e 69 6f 2f 67
0x00007ff927ee9d60:   61 72 64 65 6e 65 72 2d 70 72 6f 6a 65 63 74 2f
0x00007ff927ee9d70:   67 61 72 64 65 6e 65 72 2f 65 74 63 64 62 72 63
0x00007ff927ee9d80:   74 6c 3a 76 30 2e 31 35 2e 31 10 93 8c f7 1d 42
0x00007ff927ee9d90:   97 01 0a 67 71 75 61 79 2e 69 6f 2f 63 61 6c 69 


Stack slot to memory mapping:
stack at sp + 0 slots: 0x00007ff9278bb2d2 jvm.dll
stack at sp + 1 slots: 0x0 is NULL
stack at sp + 2 slots: 0x00007ff927f318af jvm.dll
stack at sp + 3 slots: 0x0000022d519c3430 points into unknown readable memory: 0x0000000000000000 | 00 00 00 00 00 00 00 00
stack at sp + 4 slots: 0x0000022d00062dd8 is a pointer to class: 
java.lang.ArithmeticException {0x0000022d00062de0}
 - instance size:     5
 - klass size:        75
 - access:            public synchronized 
 - state:             loaded
 - name:              'java/lang/ArithmeticException'
 - super:             'java/lang/RuntimeException'
 - sub:               
 - arrays:            NULL
 - methods:           Array<T>(0x0000022d00635108)
 - method ordering:   Array<T>(0x0000022d00635120)
 - local interfaces:  Array<T>(0x0000022d005cc8b8)
 - trans. interfaces: Array<T>(0x0000022d005ea390)
 - constants:         constant pool [26] {0x0000022d00634ff8} for 'java/lang/ArithmeticException' cache=0x0000022d003cf4b0
 - class loader data:  loader data: 0x0000022d51a5ef20 of 'bootstrap'
 - source file:       'ArithmeticException.java'
 - class annotations:       Array<T>(0x0000000000000000)
 - class type annotations:  Array<T>(0x0000000000000000)
 - field annotations:       Array<T>(0x0000000000000000)
 - field type annotations:  Array<T>(0x0000000000000000)
 - inner classes:     Array<T>(0x0000022d005cc848)
 - nest members:     Array<T>(0x0000022d005cc848)
 - permitted subclasses:     Array<T>(0x0000022d005cc848)
 - java mirror:       a 'java/lang/Class'{0x000000070fe09208} = 'java/lang/ArithmeticException'
 - vtable length      15  (start addr: 0x0000022d00062fa0)
 - itable length      2 (start addr: 0x0000022d00063018)
 - ---- static fields (1 words):
 - private static final 'serialVersionUID' 'J' @112 
 - ---- non-static fields (6 words):
 - private transient 'depth' 'I' @12 
 - private transient 'backtrace' 'Ljava/lang/Object;' @16 
 - private 'detailMessage' 'Ljava/lang/String;' @20 
 - private 'cause' 'Ljava/lang/Throwable;' @24 
 - private 'stackTrace' '[Ljava/lang/StackTraceElement;' @28 
 - private 'suppressedExceptions' 'Ljava/util/List;' @32 
 - non-static oop maps: 16-32 
stack at sp + 5 slots: 0x000000a4694fee10 points into unknown readable memory: 0x0000022d00001400 | 00 14 00 00 2d 02 00 00
stack at sp + 6 slots: 0x00007ff927eea14b jvm.dll
stack at sp + 7 slots: 
[error occurred during error reporting (inspecting top of stack), id 0xc000001d, EXCEPTION_ILLEGAL_INSTRUCTION (0xc000001d) at pc=0x00007ff927ee9de2]


---------------  P R O C E S S  ---------------

Threads class SMR info:
_java_thread_list=0x00007ff9283eefd8, length=0, elements={
}

Java Threads: ( => current thread )

Other Threads:
  0x0000022d51a2dc80 GCTaskThread "GC Thread#0" [stack: 0x000000a469500000,0x000000a469600000] [id=5700]
  0x0000022d51a3ebd0 ConcurrentGCThread "G1 Main Marker" [stack: 0x000000a469600000,0x000000a469700000] [id=11208]
  0x0000022d51a3f5f0 ConcurrentGCThread "G1 Conc#0" [stack: 0x000000a469700000,0x000000a469800000] [id=5684]
  0x0000022d68c5e8c0 ConcurrentGCThread "G1 Refine#0" [stack: 0x000000a469800000,0x000000a469900000] [id=9472]
  0x0000022d68c60300 ConcurrentGCThread "G1 Service" [stack: 0x000000a469900000,0x000000a469a00000] [id=12352]

=>0x0000022d519c2780 (exited) JavaThread "Unknown thread" [_thread_in_vm, id=7280, stack(0x000000a469400000,0x000000a469500000)]

Threads with active compile tasks:

VM state: not at safepoint (normal execution)

VM Mutex/Monitor currently owned by a thread: None

Heap address: 0x0000000700000000, size: 4096 MB, Compressed Oops mode: Zero based, Oop shift amount: 3

CDS archive(s) mapped at: [0x0000022d00000000-0x0000022d00bb0000-0x0000022d00bb0000), size 12255232, SharedBaseAddress: 0x0000022d00000000, ArchiveRelocationMode: 1.
Compressed class space mapped at: 0x0000022d01000000-0x0000022d41000000, reserved size: 1073741824
Narrow klass base: 0x0000022d00000000, Narrow klass shift: 0, Narrow klass range: 0x100000000

GC Precious Log:
 CPUs: 16 total, 16 available
 Memory: 16383M
 Large Page Support: Disabled
 NUMA Support: Disabled
 Compressed Oops: Enabled (Zero based)
 Heap Region Size: 2M
 Heap Min Capacity: 8M
 Heap Initial Capacity: 256M
 Heap Max Capacity: 4G
 Pre-touch: Disabled
 Parallel Workers: 13
 Concurrent Workers: 3
 Concurrent Refinement Workers: 13
 Periodic GC: Disabled

Heap:
 garbage-first heap   total 262144K, used 0K [0x0000000700000000, 0x0000000800000000)
  region size 2048K, 1 young (2048K), 0 survivors (0K)
 Metaspace       used 0K, committed 0K, reserved 1048576K
  class space    used 0K, committed 0K, reserved 1048576K

Heap Regions: E=young(eden), S=young(survivor), O=old, HS=humongous(starts), HC=humongous(continues), CS=collection set, F=free, OA=open archive, CA=closed archive, TAMS=top-at-mark-start (previous, next)
|   0|0x0000000700000000, 0x0000000700000000, 0x0000000700200000|  0%| F|  |TAMS 0x0000000700000000, 0x0000000700000000| Untracked 
|   1|0x0000000700200000, 0x0000000700200000, 0x0000000700400000|  0%| F|  |TAMS 0x0000000700200000, 0x0000000700200000| Untracked 
|   2|0x0000000700400000, 0x0000000700400000, 0x0000000700600000|  0%| F|  |TAMS 0x0000000700400000, 0x0000000700400000| Untracked 
|   3|0x0000000700600000, 0x0000000700600000, 0x0000000700800000|  0%| F|  |TAMS 0x0000000700600000, 0x0000000700600000| Untracked 
|   4|0x0000000700800000, 0x0000000700800000, 0x0000000700a00000|  0%| F|  |TAMS 0x0000000700800000, 0x0000000700800000| Untracked 
|   5|0x0000000700a00000, 0x0000000700a00000, 0x0000000700c00000|  0%| F|  |TAMS 0x0000000700a00000, 0x0000000700a00000| Untracked 
|   6|0x0000000700c00000, 0x0000000700c00000, 0x0000000700e00000|  0%| F|  |TAMS 0x0000000700c00000, 0x0000000700c00000| Untracked 
|   7|0x0000000700e00000, 0x0000000700e00000, 0x0000000701000000|  0%| F|  |TAMS 0x0000000700e00000, 0x0000000700e00000| Untracked 
|   8|0x0000000701000000, 0x0000000701000000, 0x0000000701200000|  0%| F|  |TAMS 0x0000000701000000, 0x0000000701000000| Untracked 
|   9|0x0000000701200000, 0x0000000701200000, 0x0000000701400000|  0%| F|  |TAMS 0x0000000701200000, 0x0000000701200000| Untracked 
|  10|0x0000000701400000, 0x0000000701400000, 0x0000000701600000|  0%| F|  |TAMS 0x0000000701400000, 0x0000000701400000| Untracked 
|  11|0x0000000701600000, 0x0000000701600000, 0x0000000701800000|  0%| F|  |TAMS 0x0000000701600000, 0x0000000701600000| Untracked 
|  12|0x0000000701800000, 0x0000000701800000, 0x0000000701a00000|  0%| F|  |TAMS 0x0000000701800000, 0x0000000701800000| Untracked 
|  13|0x0000000701a00000, 0x0000000701a00000, 0x0000000701c00000|  0%| F|  |TAMS 0x0000000701a00000, 0x0000000701a00000| Untracked 
|  14|0x0000000701c00000, 0x0000000701c00000, 0x0000000701e00000|  0%| F|  |TAMS 0x0000000701c00000, 0x0000000701c00000| Untracked 
|  15|0x0000000701e00000, 0x0000000701e00000, 0x0000000702000000|  0%| F|  |TAMS 0x0000000701e00000, 0x0000000701e00000| Untracked 
|  16|0x0000000702000000, 0x0000000702000000, 0x0000000702200000|  0%| F|  |TAMS 0x0000000702000000, 0x0000000702000000| Untracked 
|  17|0x0000000702200000, 0x0000000702200000, 0x0000000702400000|  0%| F|  |TAMS 0x0000000702200000, 0x0000000702200000| Untracked 
|  18|0x0000000702400000, 0x0000000702400000, 0x0000000702600000|  0%| F|  |TAMS 0x0000000702400000, 0x0000000702400000| Untracked 
|  19|0x0000000702600000, 0x0000000702600000, 0x0000000702800000|  0%| F|  |TAMS 0x0000000702600000, 0x0000000702600000| Untracked 
|  20|0x0000000702800000, 0x0000000702800000, 0x0000000702a00000|  0%| F|  |TAMS 0x0000000702800000, 0x0000000702800000| Untracked 
|  21|0x0000000702a00000, 0x0000000702a00000, 0x0000000702c00000|  0%| F|  |TAMS 0x0000000702a00000, 0x0000000702a00000| Untracked 
|  22|0x0000000702c00000, 0x0000000702c00000, 0x0000000702e00000|  0%| F|  |TAMS 0x0000000702c00000, 0x0000000702c00000| Untracked 
|  23|0x0000000702e00000, 0x0000000702e00000, 0x0000000703000000|  0%| F|  |TAMS 0x0000000702e00000, 0x0000000702e00000| Untracked 
|  24|0x0000000703000000, 0x0000000703000000, 0x0000000703200000|  0%| F|  |TAMS 0x0000000703000000, 0x0000000703000000| Untracked 
|  25|0x0000000703200000, 0x0000000703200000, 0x0000000703400000|  0%| F|  |TAMS 0x0000000703200000, 0x0000000703200000| Untracked 
|  26|0x0000000703400000, 0x0000000703400000, 0x0000000703600000|  0%| F|  |TAMS 0x0000000703400000, 0x0000000703400000| Untracked 
|  27|0x0000000703600000, 0x0000000703600000, 0x0000000703800000|  0%| F|  |TAMS 0x0000000703600000, 0x0000000703600000| Untracked 
|  28|0x0000000703800000, 0x0000000703800000, 0x0000000703a00000|  0%| F|  |TAMS 0x0000000703800000, 0x0000000703800000| Untracked 
|  29|0x0000000703a00000, 0x0000000703a00000, 0x0000000703c00000|  0%| F|  |TAMS 0x0000000703a00000, 0x0000000703a00000| Untracked 
|  30|0x0000000703c00000, 0x0000000703c00000, 0x0000000703e00000|  0%| F|  |TAMS 0x0000000703c00000, 0x0000000703c00000| Untracked 
|  31|0x0000000703e00000, 0x0000000703e00000, 0x0000000704000000|  0%| F|  |TAMS 0x0000000703e00000, 0x0000000703e00000| Untracked 
|  32|0x0000000704000000, 0x0000000704000000, 0x0000000704200000|  0%| F|  |TAMS 0x0000000704000000, 0x0000000704000000| Untracked 
|  33|0x0000000704200000, 0x0000000704200000, 0x0000000704400000|  0%| F|  |TAMS 0x0000000704200000, 0x0000000704200000| Untracked 
|  34|0x0000000704400000, 0x0000000704400000, 0x0000000704600000|  0%| F|  |TAMS 0x0000000704400000, 0x0000000704400000| Untracked 
|  35|0x0000000704600000, 0x0000000704600000, 0x0000000704800000|  0%| F|  |TAMS 0x0000000704600000, 0x0000000704600000| Untracked 
|  36|0x0000000704800000, 0x0000000704800000, 0x0000000704a00000|  0%| F|  |TAMS 0x0000000704800000, 0x0000000704800000| Untracked 
|  37|0x0000000704a00000, 0x0000000704a00000, 0x0000000704c00000|  0%| F|  |TAMS 0x0000000704a00000, 0x0000000704a00000| Untracked 
|  38|0x0000000704c00000, 0x0000000704c00000, 0x0000000704e00000|  0%| F|  |TAMS 0x0000000704c00000, 0x0000000704c00000| Untracked 
|  39|0x0000000704e00000, 0x0000000704e00000, 0x0000000705000000|  0%| F|  |TAMS 0x0000000704e00000, 0x0000000704e00000| Untracked 
|  40|0x0000000705000000, 0x0000000705000000, 0x0000000705200000|  0%| F|  |TAMS 0x0000000705000000, 0x0000000705000000| Untracked 
|  41|0x0000000705200000, 0x0000000705200000, 0x0000000705400000|  0%| F|  |TAMS 0x0000000705200000, 0x0000000705200000| Untracked 
|  42|0x0000000705400000, 0x0000000705400000, 0x0000000705600000|  0%| F|  |TAMS 0x0000000705400000, 0x0000000705400000| Untracked 
|  43|0x0000000705600000, 0x0000000705600000, 0x0000000705800000|  0%| F|  |TAMS 0x0000000705600000, 0x0000000705600000| Untracked 
|  44|0x0000000705800000, 0x0000000705800000, 0x0000000705a00000|  0%| F|  |TAMS 0x0000000705800000, 0x0000000705800000| Untracked 
|  45|0x0000000705a00000, 0x0000000705a00000, 0x0000000705c00000|  0%| F|  |TAMS 0x0000000705a00000, 0x0000000705a00000| Untracked 
|  46|0x0000000705c00000, 0x0000000705c00000, 0x0000000705e00000|  0%| F|  |TAMS 0x0000000705c00000, 0x0000000705c00000| Untracked 
|  47|0x0000000705e00000, 0x0000000705e00000, 0x0000000706000000|  0%| F|  |TAMS 0x0000000705e00000, 0x0000000705e00000| Untracked 
|  48|0x0000000706000000, 0x0000000706000000, 0x0000000706200000|  0%| F|  |TAMS 0x0000000706000000, 0x0000000706000000| Untracked 
|  49|0x0000000706200000, 0x0000000706200000, 0x0000000706400000|  0%| F|  |TAMS 0x0000000706200000, 0x0000000706200000| Untracked 
|  50|0x0000000706400000, 0x0000000706400000, 0x0000000706600000|  0%| F|  |TAMS 0x0000000706400000, 0x0000000706400000| Untracked 
|  51|0x0000000706600000, 0x0000000706600000, 0x0000000706800000|  0%| F|  |TAMS 0x0000000706600000, 0x0000000706600000| Untracked 
|  52|0x0000000706800000, 0x0000000706800000, 0x0000000706a00000|  0%| F|  |TAMS 0x0000000706800000, 0x0000000706800000| Untracked 
|  53|0x0000000706a00000, 0x0000000706a00000, 0x0000000706c00000|  0%| F|  |TAMS 0x0000000706a00000, 0x0000000706a00000| Untracked 
|  54|0x0000000706c00000, 0x0000000706c00000, 0x0000000706e00000|  0%| F|  |TAMS 0x0000000706c00000, 0x0000000706c00000| Untracked 
|  55|0x0000000706e00000, 0x0000000706e00000, 0x0000000707000000|  0%| F|  |TAMS 0x0000000706e00000, 0x0000000706e00000| Untracked 
|  56|0x0000000707000000, 0x0000000707000000, 0x0000000707200000|  0%| F|  |TAMS 0x0000000707000000, 0x0000000707000000| Untracked 
|  57|0x0000000707200000, 0x0000000707200000, 0x0000000707400000|  0%| F|  |TAMS 0x0000000707200000, 0x0000000707200000| Untracked 
|  58|0x0000000707400000, 0x0000000707400000, 0x0000000707600000|  0%| F|  |TAMS 0x0000000707400000, 0x0000000707400000| Untracked 
|  59|0x0000000707600000, 0x0000000707600000, 0x0000000707800000|  0%| F|  |TAMS 0x0000000707600000, 0x0000000707600000| Untracked 
|  60|0x0000000707800000, 0x0000000707800000, 0x0000000707a00000|  0%| F|  |TAMS 0x0000000707800000, 0x0000000707800000| Untracked 
|  61|0x0000000707a00000, 0x0000000707a00000, 0x0000000707c00000|  0%| F|  |TAMS 0x0000000707a00000, 0x0000000707a00000| Untracked 
|  62|0x0000000707c00000, 0x0000000707c00000, 0x0000000707e00000|  0%| F|  |TAMS 0x0000000707c00000, 0x0000000707c00000| Untracked 
|  63|0x0000000707e00000, 0x0000000707e00000, 0x0000000708000000|  0%| F|  |TAMS 0x0000000707e00000, 0x0000000707e00000| Untracked 
|  64|0x0000000708000000, 0x0000000708000000, 0x0000000708200000|  0%| F|  |TAMS 0x0000000708000000, 0x0000000708000000| Untracked 
|  65|0x0000000708200000, 0x0000000708200000, 0x0000000708400000|  0%| F|  |TAMS 0x0000000708200000, 0x0000000708200000| Untracked 
|  66|0x0000000708400000, 0x0000000708400000, 0x0000000708600000|  0%| F|  |TAMS 0x0000000708400000, 0x0000000708400000| Untracked 
|  67|0x0000000708600000, 0x0000000708600000, 0x0000000708800000|  0%| F|  |TAMS 0x0000000708600000, 0x0000000708600000| Untracked 
|  68|0x0000000708800000, 0x0000000708800000, 0x0000000708a00000|  0%| F|  |TAMS 0x0000000708800000, 0x0000000708800000| Untracked 
|  69|0x0000000708a00000, 0x0000000708a00000, 0x0000000708c00000|  0%| F|  |TAMS 0x0000000708a00000, 0x0000000708a00000| Untracked 
|  70|0x0000000708c00000, 0x0000000708c00000, 0x0000000708e00000|  0%| F|  |TAMS 0x0000000708c00000, 0x0000000708c00000| Untracked 
|  71|0x0000000708e00000, 0x0000000708e00000, 0x0000000709000000|  0%| F|  |TAMS 0x0000000708e00000, 0x0000000708e00000| Untracked 
|  72|0x0000000709000000, 0x0000000709000000, 0x0000000709200000|  0%| F|  |TAMS 0x0000000709000000, 0x0000000709000000| Untracked 
|  73|0x0000000709200000, 0x0000000709200000, 0x0000000709400000|  0%| F|  |TAMS 0x0000000709200000, 0x0000000709200000| Untracked 
|  74|0x0000000709400000, 0x0000000709400000, 0x0000000709600000|  0%| F|  |TAMS 0x0000000709400000, 0x0000000709400000| Untracked 
|  75|0x0000000709600000, 0x0000000709600000, 0x0000000709800000|  0%| F|  |TAMS 0x0000000709600000, 0x0000000709600000| Untracked 
|  76|0x0000000709800000, 0x0000000709800000, 0x0000000709a00000|  0%| F|  |TAMS 0x0000000709800000, 0x0000000709800000| Untracked 
|  77|0x0000000709a00000, 0x0000000709a00000, 0x0000000709c00000|  0%| F|  |TAMS 0x0000000709a00000, 0x0000000709a00000| Untracked 
|  78|0x0000000709c00000, 0x0000000709c00000, 0x0000000709e00000|  0%| F|  |TAMS 0x0000000709c00000, 0x0000000709c00000| Untracked 
|  79|0x0000000709e00000, 0x0000000709e00000, 0x000000070a000000|  0%| F|  |TAMS 0x0000000709e00000, 0x0000000709e00000| Untracked 
|  80|0x000000070a000000, 0x000000070a000000, 0x000000070a200000|  0%| F|  |TAMS 0x000000070a000000, 0x000000070a000000| Untracked 
|  81|0x000000070a200000, 0x000000070a200000, 0x000000070a400000|  0%| F|  |TAMS 0x000000070a200000, 0x000000070a200000| Untracked 
|  82|0x000000070a400000, 0x000000070a400000, 0x000000070a600000|  0%| F|  |TAMS 0x000000070a400000, 0x000000070a400000| Untracked 
|  83|0x000000070a600000, 0x000000070a600000, 0x000000070a800000|  0%| F|  |TAMS 0x000000070a600000, 0x000000070a600000| Untracked 
|  84|0x000000070a800000, 0x000000070a800000, 0x000000070aa00000|  0%| F|  |TAMS 0x000000070a800000, 0x000000070a800000| Untracked 
|  85|0x000000070aa00000, 0x000000070aa00000, 0x000000070ac00000|  0%| F|  |TAMS 0x000000070aa00000, 0x000000070aa00000| Untracked 
|  86|0x000000070ac00000, 0x000000070ac00000, 0x000000070ae00000|  0%| F|  |TAMS 0x000000070ac00000, 0x000000070ac00000| Untracked 
|  87|0x000000070ae00000, 0x000000070ae00000, 0x000000070b000000|  0%| F|  |TAMS 0x000000070ae00000, 0x000000070ae00000| Untracked 
|  88|0x000000070b000000, 0x000000070b000000, 0x000000070b200000|  0%| F|  |TAMS 0x000000070b000000, 0x000000070b000000| Untracked 
|  89|0x000000070b200000, 0x000000070b200000, 0x000000070b400000|  0%| F|  |TAMS 0x000000070b200000, 0x000000070b200000| Untracked 
|  90|0x000000070b400000, 0x000000070b400000, 0x000000070b600000|  0%| F|  |TAMS 0x000000070b400000, 0x000000070b400000| Untracked 
|  91|0x000000070b600000, 0x000000070b600000, 0x000000070b800000|  0%| F|  |TAMS 0x000000070b600000, 0x000000070b600000| Untracked 
|  92|0x000000070b800000, 0x000000070b800000, 0x000000070ba00000|  0%| F|  |TAMS 0x000000070b800000, 0x000000070b800000| Untracked 
|  93|0x000000070ba00000, 0x000000070ba00000, 0x000000070bc00000|  0%| F|  |TAMS 0x000000070ba00000, 0x000000070ba00000| Untracked 
|  94|0x000000070bc00000, 0x000000070bc00000, 0x000000070be00000|  0%| F|  |TAMS 0x000000070bc00000, 0x000000070bc00000| Untracked 
|  95|0x000000070be00000, 0x000000070be00000, 0x000000070c000000|  0%| F|  |TAMS 0x000000070be00000, 0x000000070be00000| Untracked 
|  96|0x000000070c000000, 0x000000070c000000, 0x000000070c200000|  0%| F|  |TAMS 0x000000070c000000, 0x000000070c000000| Untracked 
|  97|0x000000070c200000, 0x000000070c200000, 0x000000070c400000|  0%| F|  |TAMS 0x000000070c200000, 0x000000070c200000| Untracked 
|  98|0x000000070c400000, 0x000000070c400000, 0x000000070c600000|  0%| F|  |TAMS 0x000000070c400000, 0x000000070c400000| Untracked 
|  99|0x000000070c600000, 0x000000070c600000, 0x000000070c800000|  0%| F|  |TAMS 0x000000070c600000, 0x000000070c600000| Untracked 
| 100|0x000000070c800000, 0x000000070c800000, 0x000000070ca00000|  0%| F|  |TAMS 0x000000070c800000, 0x000000070c800000| Untracked 
| 101|0x000000070ca00000, 0x000000070ca00000, 0x000000070cc00000|  0%| F|  |TAMS 0x000000070ca00000, 0x000000070ca00000| Untracked 
| 102|0x000000070cc00000, 0x000000070cc00000, 0x000000070ce00000|  0%| F|  |TAMS 0x000000070cc00000, 0x000000070cc00000| Untracked 
| 103|0x000000070ce00000, 0x000000070ce00000, 0x000000070d000000|  0%| F|  |TAMS 0x000000070ce00000, 0x000000070ce00000| Untracked 
| 104|0x000000070d000000, 0x000000070d000000, 0x000000070d200000|  0%| F|  |TAMS 0x000000070d000000, 0x000000070d000000| Untracked 
| 105|0x000000070d200000, 0x000000070d200000, 0x000000070d400000|  0%| F|  |TAMS 0x000000070d200000, 0x000000070d200000| Untracked 
| 106|0x000000070d400000, 0x000000070d400000, 0x000000070d600000|  0%| F|  |TAMS 0x000000070d400000, 0x000000070d400000| Untracked 
| 107|0x000000070d600000, 0x000000070d600000, 0x000000070d800000|  0%| F|  |TAMS 0x000000070d600000, 0x000000070d600000| Untracked 
| 108|0x000000070d800000, 0x000000070d800000, 0x000000070da00000|  0%| F|  |TAMS 0x000000070d800000, 0x000000070d800000| Untracked 
| 109|0x000000070da00000, 0x000000070da00000, 0x000000070dc00000|  0%| F|  |TAMS 0x000000070da00000, 0x000000070da00000| Untracked 
| 110|0x000000070dc00000, 0x000000070dc00000, 0x000000070de00000|  0%| F|  |TAMS 0x000000070dc00000, 0x000000070dc00000| Untracked 
| 111|0x000000070de00000, 0x000000070de00000, 0x000000070e000000|  0%| F|  |TAMS 0x000000070de00000, 0x000000070de00000| Untracked 
| 112|0x000000070e000000, 0x000000070e000000, 0x000000070e200000|  0%| F|  |TAMS 0x000000070e000000, 0x000000070e000000| Untracked 
| 113|0x000000070e200000, 0x000000070e200000, 0x000000070e400000|  0%| F|  |TAMS 0x000000070e200000, 0x000000070e200000| Untracked 
| 114|0x000000070e400000, 0x000000070e400000, 0x000000070e600000|  0%| F|  |TAMS 0x000000070e400000, 0x000000070e400000| Untracked 
| 115|0x000000070e600000, 0x000000070e600000, 0x000000070e800000|  0%| F|  |TAMS 0x000000070e600000, 0x000000070e600000| Untracked 
| 116|0x000000070e800000, 0x000000070e800000, 0x000000070ea00000|  0%| F|  |TAMS 0x000000070e800000, 0x000000070e800000| Untracked 
| 117|0x000000070ea00000, 0x000000070ea00000, 0x000000070ec00000|  0%| F|  |TAMS 0x000000070ea00000, 0x000000070ea00000| Untracked 
| 118|0x000000070ec00000, 0x000000070ec00000, 0x000000070ee00000|  0%| F|  |TAMS 0x000000070ec00000, 0x000000070ec00000| Untracked 
| 119|0x000000070ee00000, 0x000000070ee00000, 0x000000070f000000|  0%| F|  |TAMS 0x000000070ee00000, 0x000000070ee00000| Untracked 
| 120|0x000000070f000000, 0x000000070f000000, 0x000000070f200000|  0%| F|  |TAMS 0x000000070f000000, 0x000000070f000000| Untracked 
| 121|0x000000070f200000, 0x000000070f200000, 0x000000070f400000|  0%| F|  |TAMS 0x000000070f200000, 0x000000070f200000| Untracked 
| 122|0x000000070f400000, 0x000000070f400000, 0x000000070f600000|  0%| F|  |TAMS 0x000000070f400000, 0x000000070f400000| Untracked 
| 123|0x000000070f600000, 0x000000070f600000, 0x000000070f800000|  0%| F|  |TAMS 0x000000070f600000, 0x000000070f600000| Untracked 
| 124|0x000000070f800000, 0x000000070f800000, 0x000000070fa00000|  0%| F|  |TAMS 0x000000070f800000, 0x000000070f800000| Untracked 
| 125|0x000000070fa00000, 0x000000070fa00000, 0x000000070fc00000|  0%| F|  |TAMS 0x000000070fa00000, 0x000000070fa00000| Untracked 
| 126|0x000000070fc00000, 0x000000070fc00000, 0x000000070fe00000|  0%| F|  |TAMS 0x000000070fc00000, 0x000000070fc00000| Untracked 
| 127|0x000000070fe00000, 0x000000070fe70a58, 0x0000000710000000| 22%| E|  |TAMS 0x000000070fe00000, 0x000000070fe00000| Complete 

Card table byte_map: [0x0000022d5d350000,0x0000022d5db50000] _byte_map_base: 0x0000022d59b50000

Marking Bits (Prev, Next): (CMBitMap*) 0x0000022d51a2e2a0, (CMBitMap*) 0x0000022d51a2e2e0
 Prev Bits: [0x0000022d5e350000, 0x0000022d62350000)
 Next Bits: [0x0000022d62350000, 0x0000022d66350000)

Polling page: 0x0000022d4f810000

Metaspace:

Usage:
  Non-class:      0 bytes used.
      Class:      0 bytes used.
       Both:      0 bytes used.

Virtual space:
  Non-class space:        0 bytes reserved,       0 bytes (  ?%) committed,  0 nodes.
      Class space:        1.00 GB reserved,       0 bytes (  0%) committed,  1 nodes.
             Both:        1.00 GB reserved,       0 bytes (  0%) committed. 

Chunk freelists:
   Non-Class:  0 bytes
       Class:  16.00 MB
        Both:  16.00 MB

MaxMetaspaceSize: unlimited
CompressedClassSpaceSize: 1.00 GB
Initial GC threshold: 21.00 MB
Current GC threshold: 17179869184.00 GB
CDS: on
MetaspaceReclaimPolicy: balanced
 - commit_granule_bytes: 65536.
 - commit_granule_words: 8192.
 - virtual_space_node_default_size: 8388608.
 - enlarge_chunks_in_place: 1.
 - new_chunks_are_fully_committed: 0.
 - uncommit_free_chunks: 1.
 - use_allocation_guard: 0.
 - handle_deallocations: 1.


Internal statistics:

num_allocs_failed_limit: 0.
num_arena_births: 0.
num_arena_deaths: 0.
num_vsnodes_births: 1.
num_vsnodes_deaths: 0.
num_space_committed: 0.
num_space_uncommitted: 0.
num_chunks_returned_to_freelist: 0.
num_chunks_taken_from_freelist: 1.
num_chunk_merges: 0.
num_chunk_splits: 1.
num_chunks_enlarged: 0.
num_inconsistent_stats: 0.

CodeCache: size=49152Kb used=172Kb max_used=361Kb free=48979Kb
 bounds [0x0000022d594e0000, 0x0000022d59750000, 0x0000022d5c4e0000]
 total_blobs=25 nmethods=0 adapters=5
 compilation: enabled
              stopped_count=0, restarted_count=0
 full_count=0

Compilation events (0 events):
No events

GC Heap History (0 events):
No events

Dll operation events (1 events):
Event: 0.035 Loaded shared library C:\Users\admin.LINHTQ-TEST-DOC\.jdks\ms-17.0.14\bin\java.dll

Deoptimization events (0 events):
No events

Classes loaded (0 events):
No events

Classes unloaded (0 events):
No events

Classes redefined (0 events):
No events

Internal exceptions (0 events):
No events

VM Operations (0 events):
No events

Memory protections (0 events):
No events

Nmethod flushes (0 events):
No events

Events (0 events):
No events


Dynamic libraries:
0x00007ff698310000 - 0x00007ff69831e000 	C:\Users\admin.LINHTQ-TEST-DOC\.jdks\ms-17.0.14\bin\java.exe
0x00007ff949490000 - 0x00007ff949688000 	C:\Windows\SYSTEM32\ntdll.dll
0x00007ff9474b0000 - 0x00007ff947572000 	C:\Windows\System32\KERNEL32.DLL
0x00007ff946b20000 - 0x00007ff946e16000 	C:\Windows\System32\KERNELBASE.dll
0x00007ff946f00000 - 0x00007ff947000000 	C:\Windows\System32\ucrtbase.dll
0x00007ff932320000 - 0x00007ff932337000 	C:\Users\admin.LINHTQ-TEST-DOC\.jdks\ms-17.0.14\bin\jli.dll
0x00007ff9322b0000 - 0x00007ff9322cd000 	C:\Users\admin.LINHTQ-TEST-DOC\.jdks\ms-17.0.14\bin\VCRUNTIME140.dll
0x00007ff948280000 - 0x00007ff94841d000 	C:\Windows\System32\USER32.dll
0x00007ff939fa0000 - 0x00007ff93a23a000 	C:\Windows\WinSxS\amd64_microsoft.windows.common-controls_6595b64144ccf1df_6.0.19041.4355_none_60b8b9eb71f62e16\COMCTL32.dll
0x00007ff947120000 - 0x00007ff947142000 	C:\Windows\System32\win32u.dll
0x00007ff947ef0000 - 0x00007ff947f1b000 	C:\Windows\System32\GDI32.dll
0x00007ff948160000 - 0x00007ff9481fe000 	C:\Windows\System32\msvcrt.dll
0x00007ff947000000 - 0x00007ff94711a000 	C:\Windows\System32\gdi32full.dll
0x00007ff947150000 - 0x00007ff9471ed000 	C:\Windows\System32\msvcp_win.dll
0x00007ff9484c0000 - 0x00007ff9484ef000 	C:\Windows\System32\IMM32.DLL
0x00007ff9324e0000 - 0x00007ff9324ec000 	C:\Users\admin.LINHTQ-TEST-DOC\.jdks\ms-17.0.14\bin\vcruntime140_1.dll
0x00007ff92bfd0000 - 0x00007ff92c05d000 	C:\Users\admin.LINHTQ-TEST-DOC\.jdks\ms-17.0.14\bin\msvcp140.dll
0x00007ff9278b0000 - 0x00007ff928522000 	C:\Users\admin.LINHTQ-TEST-DOC\.jdks\ms-17.0.14\bin\server\jvm.dll
0x00007ff9480b0000 - 0x00007ff94815f000 	C:\Windows\System32\ADVAPI32.dll
0x00007ff948420000 - 0x00007ff9484bf000 	C:\Windows\System32\sechost.dll
0x00007ff947590000 - 0x00007ff9476b3000 	C:\Windows\System32\RPCRT4.dll
0x00007ff946ed0000 - 0x00007ff946ef7000 	C:\Windows\System32\bcrypt.dll
0x00007ff947f20000 - 0x00007ff947f8b000 	C:\Windows\System32\WS2_32.dll
0x00007ff946980000 - 0x00007ff9469cb000 	C:\Windows\SYSTEM32\POWRPROF.dll
0x00007ff91fad0000 - 0x00007ff91faf7000 	C:\Windows\SYSTEM32\WINMM.dll
0x00007ff93f800000 - 0x00007ff93f80a000 	C:\Windows\SYSTEM32\VERSION.dll
0x00007ff946960000 - 0x00007ff946972000 	C:\Windows\SYSTEM32\UMPDC.dll
0x00007ff944980000 - 0x00007ff944992000 	C:\Windows\SYSTEM32\kernel.appcore.dll
0x00007ff932310000 - 0x00007ff93231a000 	C:\Users\admin.LINHTQ-TEST-DOC\.jdks\ms-17.0.14\bin\jimage.dll
0x00007ff93a3a0000 - 0x00007ff93a584000 	C:\Windows\SYSTEM32\DBGHELP.DLL
0x00007ff936d30000 - 0x00007ff936d64000 	C:\Windows\SYSTEM32\dbgcore.DLL
0x00007ff9471f0000 - 0x00007ff947272000 	C:\Windows\System32\bcryptPrimitives.dll
0x00007ff9322a0000 - 0x00007ff9322ae000 	C:\Users\admin.LINHTQ-TEST-DOC\.jdks\ms-17.0.14\bin\instrument.dll
0x00007ff9321f0000 - 0x00007ff932215000 	C:\Users\admin.LINHTQ-TEST-DOC\.jdks\ms-17.0.14\bin\java.dll

dbghelp: loaded successfully - version: 4.0.5 - missing functions: none
symbol engine: initialized successfully - sym options: 0x614 - pdb path: .;C:\Users\admin.LINHTQ-TEST-DOC\.jdks\ms-17.0.14\bin;C:\Windows\SYSTEM32;C:\Windows\WinSxS\amd64_microsoft.windows.common-controls_6595b64144ccf1df_6.0.19041.4355_none_60b8b9eb71f62e16;C:\Users\admin.LINHTQ-TEST-DOC\.jdks\ms-17.0.14\bin\server

VM Arguments:
jvm_args: -XX:TieredStopAtLevel=1 -Dspring.output.ansi.enabled=always -Dcom.sun.management.jmxremote -Dspring.jmx.enabled=true -Dspring.liveBeansView.mbeanDomain -Dspring.application.admin.enabled=true -Dmanagement.endpoints.jmx.exposure.include=* -javaagent:C:\Program Files\JetBrains\IntelliJ IDEA 2025.1\lib\idea_rt.jar=50225 -Dfile.encoding=UTF-8 
java_command: vn.edu.iuh.fit.ChatAppBackendApplication
java_class_path (initial): C:\Users\admin.LINHTQ-TEST-DOC\Desktop\fixloi_cnm\appchatzolo_cnm\chat-app-backend\build\classes\java\main;C:\Users\admin.LINHTQ-TEST-DOC\Desktop\fixloi_cnm\appchatzolo_cnm\chat-app-backend\build\resources\main;C:\Users\admin.LINHTQ-TEST-DOC\.gradle\caches\modules-2\files-2.1\org.projectlombok\lombok\1.18.36\5a30490a6e14977d97d9c73c924c1f1b5311ea95\lombok-1.18.36.jar;C:\Users\admin.LINHTQ-TEST-DOC\.gradle\caches\modules-2\files-2.1\org.springframework.boot\spring-boot-starter-websocket\3.4.1\88c26a89cce79ed23c782620238f6f222ebf4848\spring-boot-starter-websocket-3.4.1.jar;C:\Users\admin.LINHTQ-TEST-DOC\.gradle\caches\modules-2\files-2.1\org.springframework.boot\spring-boot-starter-web\3.4.1\ff7227fc62338e0f6eba3f9f94c12eb952d4da95\spring-boot-starter-web-3.4.1.jar;C:\Users\admin.LINHTQ-TEST-DOC\.gradle\caches\modules-2\files-2.1\software.amazon.awssdk\s3\2.29.43\ac8c5e7c6fcc68d4f100959c19641ab76a1a4fc1\s3-2.29.43.jar;C:\Users\admin.LINHTQ-TEST-DOC\.gradle\caches\modules-2\files-2.1\software.amazon.awssdk\dynamodb-enhanced\2.29.43\fe31ced2fc76b8ed8acfede73dfb2a0ed7383902\dynamodb-enhanced-2.29.43.jar;C:\Users\admin.LINHTQ-TEST-DOC\.gradle\caches\modules-2\files-2.1\software.amazon.awssdk\dynamodb\2.29.43\230651097539fdbce34bed432cf2e57d958e9895\dynamodb-2.29.43.jar;C:\Users\admin.LINHTQ-TEST-DOC\.gradle\caches\modules-2\files-2.1\software.amazon.awssdk\cognitoidentityprovider\2.29.43\702dded2d830c9717b90b493e8f62b8cde39aea8\cognitoidentityprovider-2.29.43.jar;C:\Users\admin.LINHTQ-TEST-DOC\.gradle\caches\modules-2\files-2.1\software.amazon.awssdk\sns\2.29.43\e165f4cba8a3fe423d5fb9b696796c994e51fe96\sns-2.29.43.jar;C:\Users\admin.LINHTQ-TEST-DOC\.gradle\caches\modules-2\files-2.1\software.amazon.awssdk\url-connection-client\2.25.0\60307559a7157bca0cc685969beff41a8b95b3de\url-connection-client-2.25.0.jar;C:\Users\admin.LINHTQ-TEST-DOC\.gradle\caches\modules-2\files-2.1\com.github.derjust\spring-data-dynamodb\5.1.0\9fa1eb324217f8062244df4cbae
Launcher Type: SUN_STANDARD

[Global flags]
     intx CICompilerCount                          = 12                                        {product} {ergonomic}
     uint ConcGCThreads                            = 3                                         {product} {ergonomic}
     uint G1ConcRefinementThreads                  = 13                                        {product} {ergonomic}
   size_t G1HeapRegionSize                         = 2097152                                   {product} {ergonomic}
    uintx GCDrainStackTargetSize                   = 64                                        {product} {ergonomic}
   size_t InitialHeapSize                          = 268435456                                 {product} {ergonomic}
     bool ManagementServer                         = true                                      {product} {command line}
   size_t MarkStackSize                            = 4194304                                   {product} {ergonomic}
   size_t MaxHeapSize                              = 4294967296                                {product} {ergonomic}
   size_t MaxNewSize                               = 2575302656                                {product} {ergonomic}
   size_t MinHeapDeltaBytes                        = 2097152                                   {product} {ergonomic}
   size_t MinHeapSize                              = 8388608                                   {product} {ergonomic}
    uintx NonProfiledCodeHeapSize                  = 0                                      {pd product} {ergonomic}
     bool ProfileInterpreter                       = false                                  {pd product} {command line}
    uintx ProfiledCodeHeapSize                     = 0                                      {pd product} {ergonomic}
   size_t SoftMaxHeapSize                          = 4294967296                             {manageable} {ergonomic}
     intx TieredStopAtLevel                        = 1                                         {product} {command line}
     bool UseCompressedClassPointers               = true                           {product lp64_product} {ergonomic}
     bool UseCompressedOops                        = true                           {product lp64_product} {ergonomic}
     bool UseG1GC                                  = true                                      {product} {ergonomic}
     bool UseLargePagesIndividualAllocation        = false                                  {pd product} {ergonomic}

Logging:
Log output configuration:
 #0: stdout all=warning uptime,level,tags
 #1: stderr all=off uptime,level,tags

Environment Variables:
JAVA_HOME=C:\Program Files\Java\jdk-17
PATH=C:\Python313\Scripts\;C:\Python313\;C:\Program Files\Common Files\Oracle\Java\javapath;C:\Windows\system32;C:\Windows;C:\Windows\System32\Wbem;C:\Windows\System32\WindowsPowerShell\v1.0\;C:\Windows\System32\OpenSSH\;C:\Program Files\Java\jdk-17\bin;C:\Program Files\nodejs\;C:\ProgramData\chocolatey\bin;C:\Program Files\Git\cmd;C:\Program Files\Amazon\AWSCLIV2\;C:\Program Files\Docker\Docker\resources\bin;C:\Users\admin.LINHTQ-TEST-DOC\AppData\Local\Microsoft\WindowsApps;;C:\Program Files\JetBrains\IntelliJ IDEA 2025.1\bin;;C:\Users\admin.LINHTQ-TEST-DOC\AppData\Roaming\npm;C:\Users\admin.LINHTQ-TEST-DOC\AppData\Local\Programs\Microsoft VS Code\bin
USERNAME=admin
OS=Windows_NT
PROCESSOR_IDENTIFIER=Intel64 Family 6 Model 134 Stepping 0, GenuineIntel
TMP=C:\Users\ADMIN~1.LIN\AppData\Local\Temp
TEMP=C:\Users\ADMIN~1.LIN\AppData\Local\Temp



Periodic native trim disabled


---------------  S Y S T E M  ---------------

OS:
 Windows 10 , 64 bit Build 19041 (10.0.19041.5678)
OS uptime: 0 days 0:07 hours
Hyper-V role detected

CPU: total 16 (initial active 16) (8 cores per cpu, 1 threads per core) family 6 model 134 stepping 0 microcode 0x1, cx8, cmov, fxsr, mmx, 3dnowpref, sse, sse2, sse3, ssse3, sse4.1, sse4.2, popcnt, lzcnt, tsc, avx, avx2, aes, erms, clmul, bmi1, bmi2, adx, avx512f, avx512dq, avx512cd, avx512bw, avx512vl, sha, fma, vzeroupper, avx512_vpopcntdq, avx512_vpclmulqdq, avx512_vaes, avx512_vnni, clflush, clflushopt, clwb, avx512_vbmi2, avx512_vbmi, hv
Processor Information for the first 16 processors :
  Max Mhz: 2500, Current Mhz: 2500, Mhz Limit: 2500

Memory: 4k page, system-wide physical 16383M (9254M free)
TotalPageFile size 18815M (AvailPageFile size 9487M)
current process WorkingSet (physical memory assigned to process): 26M, peak: 26M
current process commit charge ("private bytes"): 345M, peak: 345M

vm_info: OpenJDK 64-Bit Server VM (17.0.14+7-LTS) for windows-amd64 JRE (17.0.14+7-LTS), built on Jan  8 2025 23:39:28 by "MicrosoftCorporation" with unknown MS VC++:1939

END.
